SF:lib\core\network\api_error_ui_message.dart
DA:4,24
DA:11,0
DA:13,2
DA:17,4
DA:19,2
DA:20,2
DA:21,4
DA:26,3
DA:27,4
DA:30,2
DA:31,2
DA:32,2
DA:36,2
DA:37,1
DA:43,0
DA:44,0
DA:52,1
DA:57,1
DA:61,1
DA:66,1
DA:70,1
DA:75,1
DA:83,2
DA:89,2
DA:95,0
DA:101,0
DA:107,0
DA:114,0
DA:115,0
DA:116,0
DA:121,0
DA:122,0
DA:125,0
DA:130,8
DA:131,8
DA:132,1
DA:135,7
DA:136,0
DA:139,7
DA:142,2
DA:143,2
DA:147,2
DA:148,4
DA:149,6
DA:150,6
DA:151,4
DA:155,4
DA:161,2
DA:165,2
DA:169,4
DA:170,2
DA:173,2
DA:174,2
DA:175,0
DA:181,2
DA:182,2
DA:183,2
DA:185,2
DA:189,1
DA:192,2
DA:194,2
DA:196,2
DA:198,2
DA:200,2
DA:202,2
DA:204,2
DA:206,2
DA:209,2
DA:211,8
LF:69
LH:55
end_of_record
SF:lib\core\network\api_exception.dart
DA:2,20
DA:14,0
DA:16,0
LF:3
LH:1
end_of_record
SF:lib\core\auth\session_cubit.dart
DA:7,6
DA:9,1
DA:10,1
DA:13,2
DA:14,4
DA:17,3
DA:18,3
LF:7
LH:7
end_of_record
SF:lib\core\auth\session_state.dart
DA:8,11
DA:10,8
DA:11,0
DA:13,9
DA:14,0
DA:16,3
DA:17,2
DA:22,6
DA:24,6
DA:26,3
DA:27,9
LF:11
LH:9
end_of_record
SF:lib\core\auth\user_role.dart
DA:5,0
DA:7,0
DA:9,0
DA:14,1
DA:16,1
DA:18,1
DA:23,1
DA:25,1
DA:27,1
DA:32,0
DA:33,0
DA:34,0
DA:36,0
LF:13
LH:6
end_of_record
SF:lib\features\auth\domain\models\login_request.dart
DA:2,1
DA:7,0
DA:8,0
LF:3
LH:1
end_of_record
SF:lib\features\auth\domain\models\register_request.dart
DA:4,1
DA:20,0
DA:21,0
DA:22,0
DA:23,0
DA:24,0
DA:25,0
DA:26,0
DA:27,0
LF:9
LH:1
end_of_record
SF:lib\features\auth\presentation\cubit\login_cubit.dart
DA:14,3
DA:21,3
DA:27,1
DA:28,3
DA:32,2
DA:33,1
DA:34,2
DA:43,2
DA:45,2
DA:46,1
DA:47,2
DA:57,3
DA:58,1
DA:59,2
DA:61,3
DA:67,2
DA:68,2
DA:69,1
DA:70,2
DA:80,0
DA:81,0
DA:82,0
DA:86,0
DA:87,0
DA:88,0
DA:92,1
DA:96,2
DA:100,4
DA:101,1
DA:102,2
DA:111,1
DA:112,2
DA:121,2
DA:122,1
DA:123,1
DA:127,3
DA:128,1
DA:129,2
DA:131,3
DA:137,1
DA:141,1
DA:142,2
DA:144,1
DA:145,1
DA:152,1
DA:160,2
DA:164,2
DA:165,2
DA:166,2
DA:167,2
DA:168,2
DA:169,1
DA:170,2
DA:179,1
DA:180,2
DA:189,2
DA:190,1
DA:191,1
DA:192,1
DA:193,1
DA:194,1
DA:199,3
DA:200,1
DA:201,2
DA:204,3
DA:210,0
DA:214,0
DA:215,0
DA:217,0
DA:218,0
DA:225,1
DA:226,2
DA:230,1
DA:231,2
DA:240,2
DA:241,0
DA:242,0
DA:243,0
DA:251,3
DA:252,2
DA:253,2
DA:255,1
DA:259,1
DA:260,2
DA:262,1
DA:263,1
DA:270,1
DA:271,2
DA:275,1
DA:276,2
DA:285,1
DA:286,2
DA:287,2
DA:288,1
DA:289,2
DA:297,0
DA:298,0
DA:299,0
DA:301,0
DA:305,0
DA:306,0
DA:308,0
DA:309,0
LF:103
LH:81
end_of_record
SF:lib\features\auth\presentation\cubit\login_state.dart
DA:16,9
DA:24,8
DA:25,0
DA:33,3
DA:34,6
DA:35,6
DA:36,6
DA:37,6
DA:38,6
DA:41,1
DA:52,1
DA:54,1
DA:55,0
DA:56,1
DA:57,0
DA:58,0
DA:63,1
DA:64,1
DA:65,1
DA:66,1
DA:67,1
DA:68,1
DA:69,1
LF:23
LH:19
end_of_record
SF:lib\core\location\geolocation_service.dart
DA:8,0
DA:17,0
DA:18,0
DA:21,0
DA:22,0
DA:23,0
DA:24,0
DA:27,0
DA:28,0
DA:31,0
DA:35,0
DA:41,0
DA:42,0
DA:43,0
DA:44,0
DA:48,0
DA:53,0
DA:54,0
DA:61,0
DA:62,0
DA:63,0
LF:21
LH:0
end_of_record
SF:lib\core\auth\auth_tokens.dart
DA:4,11
DA:9,0
DA:10,0
DA:11,0
DA:13,0
DA:19,0
DA:22,0
DA:23,0
DA:26,0
DA:27,0
LF:10
LH:1
end_of_record
SF:lib\features\auth\domain\models\auth_session.dart
DA:7,7
DA:12,0
DA:13,0
LF:3
LH:1
end_of_record
SF:lib\features\customer\domain\models\active_cart.dart
DA:4,2
DA:20,0
DA:22,0
DA:24,0
DA:25,0
DA:26,0
DA:27,0
DA:28,0
DA:29,0
DA:31,0
DA:32,0
DA:35,0
DA:36,0
DA:37,0
DA:38,0
DA:39,0
DA:40,0
DA:45,0
DA:46,0
DA:47,0
DA:49,0
DA:52,0
DA:53,0
DA:56,0
LF:24
LH:1
end_of_record
SF:lib\features\customer\domain\models\ai_chat.dart
DA:2,5
DA:22,0
DA:23,0
DA:24,0
DA:25,0
DA:26,0
DA:27,0
DA:28,0
DA:29,0
DA:30,0
DA:31,0
DA:35,0
DA:36,0
DA:37,0
DA:39,0
DA:42,0
DA:46,0
DA:47,0
DA:49,0
DA:54,1
DA:68,0
DA:69,0
DA:71,0
DA:73,0
DA:74,0
DA:75,0
DA:76,0
DA:79,0
DA:82,0
DA:83,0
DA:84,0
DA:85,0
DA:88,0
DA:89,0
DA:95,1
DA:107,0
DA:108,0
DA:109,0
DA:110,0
DA:111,0
DA:113,0
DA:114,0
LF:42
LH:3
end_of_record
SF:lib\features\customer\domain\models\cart_item.dart
DA:2,1
DA:18,0
DA:19,0
DA:20,0
DA:21,0
DA:22,0
DA:23,0
DA:24,0
DA:25,0
DA:29,0
DA:30,0
DA:31,0
DA:33,0
DA:36,0
DA:37,0
DA:40,0
LF:16
LH:1
end_of_record
SF:lib\features\customer\domain\models\category_taxonomy.dart
DA:2,1
DA:14,0
DA:15,0
DA:16,0
DA:17,0
DA:18,0
DA:19,0
DA:23,0
DA:24,0
DA:28,0
LF:10
LH:1
end_of_record
SF:lib\features\customer\domain\models\customer_notification.dart
DA:2,1
DA:28,2
DA:30,0
DA:31,0
DA:32,0
DA:33,0
DA:34,0
DA:35,0
DA:36,0
DA:37,0
DA:38,0
DA:39,0
DA:40,0
DA:41,0
DA:43,0
DA:47,0
DA:48,0
DA:49,0
DA:52,0
DA:56,0
LF:20
LH:2
end_of_record
SF:lib\features\customer\domain\models\order_cost_review.dart
DA:2,5
DA:20,0
DA:21,0
DA:22,0
DA:23,0
DA:24,0
DA:25,0
DA:26,0
DA:27,0
DA:28,0
DA:32,0
DA:33,0
DA:34,0
DA:36,0
LF:14
LH:1
end_of_record
SF:lib\features\customer\domain\models\order_created.dart
DA:2,5
DA:30,0
DA:31,0
DA:32,0
DA:33,0
DA:34,0
DA:35,0
DA:36,0
DA:37,0
DA:38,0
DA:39,0
DA:40,0
DA:41,0
DA:42,0
DA:43,0
DA:47,0
DA:48,0
DA:49,0
DA:51,0
LF:19
LH:1
end_of_record
SF:lib\features\customer\domain\models\order_detail.dart
DA:2,1
DA:32,0
DA:33,0
DA:34,0
DA:35,0
DA:36,0
DA:37,0
DA:38,0
DA:39,0
DA:40,0
DA:41,0
DA:42,0
DA:43,0
DA:44,0
DA:45,0
DA:46,0
DA:50,0
DA:51,0
DA:52,0
DA:54,0
LF:20
LH:1
end_of_record
SF:lib\features\customer\domain\models\order_review.dart
DA:2,1
DA:24,0
DA:25,0
DA:26,0
DA:27,0
DA:28,0
DA:29,0
DA:30,0
DA:31,0
DA:32,0
DA:33,0
DA:35,0
DA:39,0
DA:40,0
DA:41,0
DA:44,0
DA:48,0
DA:51,0
DA:52,0
DA:55,0
LF:20
LH:1
end_of_record
SF:lib\features\customer\domain\models\order_summary.dart
DA:2,1
DA:20,0
DA:21,0
DA:22,0
DA:23,0
DA:24,0
DA:25,0
DA:26,0
DA:27,0
DA:28,0
DA:32,0
DA:33,0
DA:34,0
DA:36,0
LF:14
LH:1
end_of_record
SF:lib\features\customer\domain\models\paged_result.dart
DA:2,4
DA:16,5
LF:2
LH:2
end_of_record
SF:lib\features\customer\domain\models\restaurant_detail.dart
DA:2,5
DA:32,0
DA:33,0
DA:34,0
DA:35,0
DA:36,0
DA:37,0
DA:38,0
DA:39,0
DA:40,0
DA:41,0
DA:42,0
DA:43,0
DA:44,0
DA:45,0
DA:46,0
DA:50,0
DA:51,0
DA:55,0
DA:58,0
DA:59,0
DA:60,0
DA:63,0
LF:23
LH:1
end_of_record
SF:lib\features\customer\domain\models\restaurant_menu_item.dart
DA:2,1
DA:26,0
DA:27,0
DA:28,0
DA:29,0
DA:30,0
DA:31,0
DA:32,0
DA:33,0
DA:34,0
DA:35,0
DA:36,0
DA:37,0
DA:41,0
DA:42,0
DA:46,0
DA:49,0
DA:50,0
DA:51,0
DA:54,0
LF:20
LH:1
end_of_record
SF:lib\features\customer\domain\models\restaurant_search_item.dart
DA:2,4
DA:26,0
DA:27,0
DA:28,0
DA:29,0
DA:30,0
DA:31,0
DA:32,0
DA:33,0
DA:34,0
DA:35,0
DA:36,0
DA:37,0
DA:41,0
DA:42,0
DA:47,0
DA:48,0
DA:49,0
DA:50,0
DA:52,0
DA:55,0
DA:56,0
DA:57,0
DA:60,0
DA:63,0
DA:68,0
DA:69,0
DA:72,0
DA:77,0
DA:89,0
DA:90,0
DA:91,0
DA:92,0
DA:93,0
DA:94,0
DA:98,0
DA:99,0
DA:100,0
DA:103,0
LF:39
LH:1
end_of_record
SF:lib\features\customer\domain\models\user_profile.dart
DA:2,5
DA:22,0
DA:23,0
DA:24,0
DA:25,0
DA:26,0
DA:27,0
DA:28,0
DA:29,0
DA:30,0
DA:31,0
DA:35,0
DA:36,0
DA:37,0
LF:14
LH:1
end_of_record
SF:lib\features\merchant\domain\models\merchant_restaurant.dart
DA:2,7
DA:34,0
DA:35,0
DA:36,0
DA:37,0
DA:38,0
DA:39,0
DA:40,0
DA:41,0
DA:42,0
DA:43,0
DA:44,0
DA:45,0
DA:46,0
DA:47,0
DA:48,0
DA:49,0
DA:53,0
DA:54,0
DA:55,0
DA:58,0
DA:59,0
DA:60,0
DA:62,0
DA:65,0
DA:66,0
DA:69,0
LF:27
LH:1
end_of_record
SF:lib\features\merchant\domain\models\merchant_restaurant_request.dart
DA:2,1
DA:24,0
DA:25,0
DA:26,0
DA:27,0
DA:28,0
DA:29,0
DA:30,0
DA:31,0
DA:32,0
DA:33,0
DA:34,0
DA:35,0
DA:36,0
DA:37,0
LF:15
LH:1
end_of_record
SF:lib\features\merchant\domain\models\merchant_revenue_report.dart
DA:2,4
DA:22,0
DA:23,0
DA:25,0
DA:26,0
DA:28,0
DA:29,0
DA:30,0
DA:31,0
DA:32,0
DA:33,0
DA:34,0
DA:35,0
DA:36,0
DA:37,0
DA:38,0
DA:39,0
DA:43,0
DA:44,0
DA:48,0
DA:49,0
DA:50,0
DA:52,0
DA:55,0
DA:56,0
DA:57,0
DA:59,0
DA:62,0
DA:63,0
DA:66,0
DA:71,1
DA:85,0
DA:86,0
DA:88,0
DA:89,0
DA:90,0
DA:91,0
DA:92,0
DA:93,0
DA:99,1
DA:111,0
DA:112,0
DA:113,0
DA:114,0
DA:115,0
DA:116,0
LF:46
LH:3
end_of_record
SF:lib\features\customer\presentation\cubit\order_detail_cubit.dart
DA:10,1
DA:12,1
DA:22,1
DA:23,2
DA:27,1
DA:28,1
DA:29,2
DA:40,2
DA:41,1
DA:42,2
DA:48,1
DA:50,0
DA:51,0
DA:55,0
DA:56,0
DA:59,0
DA:65,1
DA:66,1
DA:67,1
DA:71,1
DA:73,3
DA:76,2
DA:77,2
DA:78,1
DA:79,2
DA:83,1
DA:87,2
DA:89,0
DA:93,0
DA:94,0
DA:96,0
DA:100,1
DA:104,0
DA:106,0
DA:107,0
DA:110,0
DA:114,0
DA:117,0
DA:118,0
DA:119,0
DA:123,0
DA:124,0
DA:132,0
DA:133,0
DA:134,0
DA:135,0
DA:143,0
DA:147,0
DA:148,0
DA:150,0
DA:156,0
DA:157,0
DA:158,0
DA:162,0
DA:163,0
DA:171,0
DA:176,0
DA:177,0
DA:184,0
DA:188,0
DA:189,0
DA:191,0
DA:197,0
DA:198,0
DA:201,1
DA:202,1
DA:203,1
DA:205,0
DA:209,1
DA:210,1
DA:211,3
DA:212,2
DA:214,0
DA:218,0
DA:219,0
DA:220,0
DA:221,0
DA:222,0
DA:226,1
DA:227,1
DA:228,3
DA:233,1
DA:235,2
DA:236,1
LF:84
LH:36
end_of_record
SF:lib\features\customer\presentation\cubit\order_detail_state.dart
DA:16,8
DA:27,7
DA:28,0
DA:45,1
DA:46,2
DA:47,2
DA:48,2
DA:50,1
DA:64,1
DA:65,1
DA:66,1
DA:67,1
DA:68,1
DA:70,1
DA:74,1
DA:75,1
DA:76,1
DA:80,1
DA:81,1
DA:82,1
DA:83,1
DA:84,1
DA:85,1
DA:86,1
DA:87,1
DA:88,1
DA:89,1
LF:27
LH:26
end_of_record
SF:lib\features\customer\domain\models\order_tracking_point.dart
DA:2,1
DA:12,0
DA:13,0
DA:14,0
DA:15,0
DA:16,0
DA:20,0
DA:21,0
DA:22,0
DA:24,0
DA:27,0
DA:28,0
DA:31,0
DA:32,0
DA:33,0
DA:35,0
DA:36,0
LF:17
LH:1
end_of_record
SF:lib\features\merchant\domain\models\merchant_review.dart
DA:2,1
DA:24,0
DA:25,0
DA:26,0
DA:27,0
DA:28,0
DA:29,0
DA:30,0
DA:31,0
DA:32,0
DA:33,0
DA:35,0
DA:39,0
DA:40,0
DA:41,0
DA:44,0
DA:48,0
DA:51,0
DA:52,0
DA:55,0
LF:20
LH:1
end_of_record
SF:lib\features\merchant\presentation\cubit\merchant_revenue_cubit.dart
DA:8,1
DA:10,1
DA:14,1
DA:15,1
DA:16,1
DA:17,3
DA:20,0
DA:21,0
DA:22,0
DA:23,0
DA:26,0
DA:27,0
DA:28,0
DA:29,0
DA:32,1
DA:33,1
DA:34,5
DA:37,1
DA:38,3
DA:41,1
DA:42,2
DA:45,1
DA:46,2
DA:55,2
DA:60,1
DA:61,2
DA:68,0
DA:72,0
DA:73,0
DA:75,0
LF:30
LH:18
end_of_record
SF:lib\features\merchant\presentation\cubit\merchant_revenue_state.dart
DA:8,10
DA:17,9
DA:18,0
DA:32,3
DA:34,1
DA:43,1
DA:44,0
DA:45,1
DA:46,1
DA:47,1
DA:48,1
DA:49,0
DA:53,1
DA:54,7
LF:14
LH:11
end_of_record
SF:lib\features\merchant\presentation\cubit\merchant_reviews_cubit.dart
DA:11,1
DA:16,1
DA:21,1
DA:22,2
DA:25,1
DA:26,2
DA:33,2
DA:35,2
DA:36,2
DA:37,1
DA:38,2
DA:46,1
DA:49,0
DA:53,1
DA:57,1
DA:58,2
DA:61,0
DA:67,2
DA:68,1
DA:70,1
DA:71,2
DA:74,0
DA:79,0
DA:83,1
DA:84,3
DA:87,1
DA:88,2
DA:89,2
DA:92,1
DA:93,2
DA:100,2
DA:101,1
DA:104,1
DA:105,2
DA:107,3
DA:114,0
DA:118,0
DA:119,0
DA:122,1
DA:126,1
DA:127,4
DA:129,2
DA:130,0
DA:132,1
DA:133,3
DA:134,2
DA:138,0
DA:139,0
DA:143,0
DA:144,0
DA:146,0
LF:51
LH:38
end_of_record
SF:lib\features\merchant\presentation\cubit\merchant_reviews_state.dart
DA:11,10
DA:21,9
DA:22,0
DA:32,3
DA:33,3
DA:34,3
DA:36,1
DA:47,1
DA:48,1
DA:49,1
DA:50,1
DA:52,1
DA:53,1
DA:56,1
DA:57,1
DA:59,0
DA:60,1
DA:64,1
DA:65,1
DA:66,1
DA:67,1
DA:68,1
DA:69,1
DA:70,1
DA:71,1
DA:72,1
LF:26
LH:24
end_of_record
SF:lib\features\merchant\domain\models\merchant_order_detail.dart
DA:2,2
DA:32,0
DA:33,0
DA:34,0
DA:35,0
DA:36,0
DA:37,0
DA:38,0
DA:39,0
DA:40,0
DA:41,0
DA:42,0
DA:43,0
DA:44,0
DA:45,0
DA:46,0
DA:50,0
DA:51,0
DA:52,0
DA:54,0
LF:20
LH:1
end_of_record
SF:lib\features\merchant\domain\models\merchant_order_summary.dart
DA:2,3
DA:20,0
DA:21,0
DA:22,0
DA:23,0
DA:24,0
DA:25,0
DA:26,0
DA:27,0
DA:28,0
DA:32,0
DA:33,0
DA:34,0
DA:36,0
LF:14
LH:1
end_of_record
SF:lib\features\merchant\presentation\cubit\merchant_orders_cubit.dart
DA:12,1
DA:17,1
DA:22,1
DA:23,2
DA:26,1
DA:27,2
DA:34,2
DA:36,2
DA:37,2
DA:38,1
DA:39,2
DA:47,1
DA:50,1
DA:54,1
DA:58,2
DA:61,1
DA:62,2
DA:65,0
DA:71,3
DA:72,1
DA:73,2
DA:76,0
DA:81,1
DA:85,1
DA:86,2
DA:89,1
DA:90,2
DA:93,3
DA:94,1
DA:95,2
DA:102,0
DA:106,1
DA:107,2
DA:108,2
DA:111,1
DA:112,2
DA:119,2
DA:120,1
DA:123,1
DA:124,2
DA:127,3
DA:128,2
DA:133,0
DA:137,0
DA:138,0
DA:141,1
DA:142,1
DA:146,1
DA:147,2
DA:149,1
DA:154,1
DA:158,1
DA:159,1
DA:160,1
DA:161,1
DA:162,1
DA:163,1
DA:164,1
DA:165,1
DA:167,5
DA:168,2
DA:169,0
DA:171,1
DA:172,3
DA:173,2
LF:65
LH:58
end_of_record
SF:lib\features\merchant\presentation\cubit\merchant_orders_state.dart
DA:12,10
DA:22,9
DA:23,0
DA:33,3
DA:34,3
DA:35,3
DA:37,1
DA:48,1
DA:49,0
DA:50,1
DA:51,1
DA:53,1
DA:54,1
DA:57,1
DA:58,1
DA:60,0
DA:61,1
DA:65,1
DA:66,1
DA:67,1
DA:68,1
DA:69,1
DA:70,1
DA:71,1
DA:72,1
DA:73,1
LF:26
LH:23
end_of_record
SF:lib\features\merchant\domain\models\merchant_notification.dart
DA:2,1
DA:28,5
DA:29,0
DA:30,0
DA:32,0
DA:33,0
DA:34,0
DA:35,0
DA:36,0
DA:37,0
DA:38,0
DA:39,0
DA:40,0
DA:41,0
DA:42,0
DA:43,0
DA:45,0
DA:49,0
DA:50,0
DA:51,0
DA:54,0
DA:58,0
LF:22
LH:2
end_of_record
SF:lib\features\merchant\presentation\cubit\merchant_notifications_cubit.dart
DA:8,1
DA:11,1
DA:15,1
DA:16,1
DA:17,2
DA:23,2
DA:24,1
DA:25,2
DA:27,1
DA:35,1
DA:39,1
DA:40,2
DA:42,1
DA:48,1
DA:49,3
DA:52,1
DA:54,2
DA:55,2
DA:56,4
DA:57,1
DA:58,3
DA:60,0
DA:64,0
LF:23
LH:21
end_of_record
SF:lib\features\merchant\presentation\cubit\merchant_notifications_state.dart
DA:8,8
DA:15,7
DA:16,0
DA:27,1
DA:28,5
DA:30,1
DA:31,1
DA:32,0
DA:34,1
DA:35,3
DA:36,1
DA:39,1
DA:46,1
DA:47,1
DA:48,1
DA:49,1
DA:50,0
DA:54,1
DA:55,1
DA:56,1
DA:57,1
DA:58,1
DA:59,1
LF:23
LH:20
end_of_record
SF:lib\features\merchant\domain\models\merchant_category_taxonomy.dart
DA:2,1
DA:14,0
DA:15,0
DA:16,0
DA:17,0
DA:18,0
DA:19,0
DA:23,0
DA:24,0
DA:27,0
LF:10
LH:1
end_of_record
SF:lib\features\merchant\domain\models\merchant_menu_category.dart
DA:2,1
DA:16,0
DA:17,0
DA:18,0
DA:19,0
DA:20,0
DA:21,0
DA:22,0
DA:26,0
DA:27,0
DA:30,0
LF:11
LH:1
end_of_record
SF:lib\features\merchant\domain\models\merchant_menu_category_request.dart
DA:2,0
DA:12,0
DA:13,0
LF:3
LH:0
end_of_record
SF:lib\features\merchant\domain\models\merchant_menu_item.dart
DA:2,2
DA:30,0
DA:31,0
DA:32,0
DA:33,0
DA:34,0
DA:35,0
DA:36,0
DA:37,0
DA:38,0
DA:39,0
DA:40,0
DA:41,0
DA:42,0
DA:43,0
DA:47,0
DA:48,0
DA:49,0
DA:52,0
DA:53,0
DA:56,0
DA:59,0
DA:60,0
DA:61,0
DA:63,0
LF:25
LH:1
end_of_record
SF:lib\features\merchant\domain\models\merchant_menu_item_request.dart
DA:2,0
DA:20,0
DA:21,0
DA:22,0
DA:23,0
DA:24,0
DA:25,0
DA:26,0
DA:27,0
DA:28,0
LF:10
LH:0
end_of_record
SF:lib\features\merchant\presentation\cubit\merchant_catalog_cubit.dart
DA:14,1
DA:19,1
DA:24,1
DA:25,2
DA:28,1
DA:29,2
DA:36,2
DA:37,2
DA:39,2
DA:40,2
DA:41,1
DA:42,2
DA:51,1
DA:54,1
DA:58,1
DA:62,2
DA:65,1
DA:66,2
DA:69,0
DA:70,0
DA:76,3
DA:77,3
DA:78,1
DA:79,2
DA:83,0
DA:84,0
DA:89,0
DA:93,0
DA:94,0
DA:97,0
DA:98,0
DA:101,0
DA:102,0
DA:105,0
DA:106,0
DA:109,0
DA:110,0
DA:111,0
DA:114,0
DA:116,0
DA:117,0
DA:120,0
DA:121,0
DA:123,0
DA:130,0
DA:134,0
DA:138,0
DA:141,0
DA:143,0
DA:147,0
DA:148,0
DA:150,0
DA:157,0
DA:161,0
DA:162,0
DA:165,0
DA:167,0
DA:168,0
DA:169,0
DA:171,0
DA:172,0
DA:173,0
DA:180,0
DA:184,0
DA:185,0
DA:186,0
DA:189,0
DA:191,0
DA:192,0
DA:195,0
DA:196,0
DA:198,0
DA:205,0
DA:209,0
DA:213,0
DA:216,0
DA:218,0
DA:222,0
DA:223,0
DA:225,0
DA:232,0
DA:236,1
DA:240,2
DA:243,2
DA:245,2
DA:249,1
DA:250,2
DA:252,3
DA:254,6
DA:255,1
DA:260,0
DA:264,0
DA:265,0
DA:268,0
DA:270,0
DA:271,0
DA:272,0
DA:274,0
DA:275,0
DA:276,0
DA:283,0
DA:287,0
DA:288,0
DA:291,1
DA:292,2
DA:299,1
DA:300,1
DA:304,1
DA:305,2
DA:307,1
DA:312,0
DA:316,0
DA:317,0
DA:318,0
DA:319,0
DA:320,0
DA:323,0
DA:324,0
DA:325,0
DA:329,1
DA:333,5
DA:334,2
DA:335,0
DA:337,1
DA:338,3
DA:339,2
LF:126
LH:44
end_of_record
SF:lib\features\merchant\presentation\cubit\merchant_catalog_state.dart
DA:13,12
DA:26,11
DA:27,0
DA:40,3
DA:41,3
DA:42,3
DA:44,1
DA:58,1
DA:59,0
DA:60,1
DA:61,1
DA:62,1
DA:63,1
DA:65,1
DA:66,1
DA:69,1
DA:70,1
DA:73,1
DA:74,1
DA:76,0
DA:77,1
DA:81,1
DA:82,1
DA:83,1
DA:84,1
DA:85,1
DA:86,1
DA:87,1
DA:88,1
DA:89,1
DA:90,1
DA:91,1
DA:92,1
LF:33
LH:30
end_of_record
SF:lib\app.dart
DA:7,2
DA:11,2
DA:13,2
DA:16,2
DA:17,2
LF:5
LH:5
end_of_record
SF:lib\core\theme\app_theme.dart
DA:4,2
DA:7,2
DA:15,2
DA:19,2
DA:22,2
DA:26,2
DA:31,2
DA:32,2
DA:36,2
DA:39,4
DA:41,4
DA:43,2
DA:44,2
DA:48,2
DA:49,2
DA:53,2
DA:54,2
DA:55,2
DA:58,2
DA:59,2
DA:63,2
DA:66,2
DA:67,2
DA:70,2
DA:71,2
DA:75,2
DA:81,2
DA:82,2
DA:85,1
LF:29
LH:29
end_of_record
SF:lib\core\auth\auth_form_validators.dart
DA:2,0
DA:3,0
DA:4,0
DA:8,0
DA:10,1
DA:14,2
DA:20,1
DA:21,1
DA:24,1
DA:25,1
DA:28,0
DA:29,0
DA:34,0
DA:40,0
DA:41,0
DA:46,0
DA:52,0
DA:53,0
DA:57,0
DA:63,0
DA:67,0
DA:71,0
LF:22
LH:6
end_of_record
SF:lib\core\router\app_router.dart
DA:31,2
DA:35,4
DA:37,6
DA:38,2
DA:39,2
DA:40,2
DA:43,0
DA:45,2
DA:48,2
DA:50,2
DA:53,0
DA:55,2
DA:57,2
DA:59,1
DA:62,2
DA:63,2
DA:66,1
DA:68,2
DA:71,0
DA:73,2
DA:76,0
DA:78,2
DA:81,0
DA:83,2
DA:86,0
DA:90,2
DA:94,0
DA:95,0
DA:98,2
DA:101,0
DA:103,2
DA:107,0
DA:108,0
DA:111,2
DA:114,0
DA:116,2
DA:119,0
DA:121,2
DA:123,2
DA:125,1
DA:128,2
DA:129,2
DA:132,1
DA:134,2
DA:137,0
DA:139,2
DA:142,0
DA:144,2
DA:147,0
DA:149,2
DA:152,0
DA:156,2
DA:159,0
DA:161,2
DA:164,0
DA:166,2
DA:169,0
DA:174,2
DA:175,4
DA:176,2
DA:177,2
DA:178,2
DA:180,2
DA:184,2
DA:185,2
DA:189,1
DA:194,1
DA:195,1
DA:198,2
DA:199,1
DA:202,2
DA:203,1
LF:72
LH:52
end_of_record
SF:lib\features\auth\presentation\pages\auth_loading_page.dart
DA:4,6
DA:6,0
LF:2
LH:1
end_of_record
SF:lib\features\auth\presentation\pages\password_recovery_page.dart
DA:10,6
DA:12,0
DA:13,0
DA:27,0
DA:29,0
DA:30,0
DA:31,0
DA:32,0
DA:33,0
DA:36,0
DA:38,0
DA:39,0
DA:40,0
DA:42,0
DA:43,0
DA:44,0
DA:49,0
DA:50,0
DA:53,0
DA:55,0
DA:57,0
DA:58,0
DA:59,0
DA:64,0
DA:65,0
DA:68,0
DA:69,0
DA:70,0
DA:74,0
DA:75,0
DA:76,0
DA:80,0
DA:81,0
DA:82,0
DA:84,0
DA:98,0
DA:99,0
DA:101,0
DA:104,0
DA:105,0
DA:106,0
DA:108,0
DA:109,0
DA:110,0
DA:115,0
DA:116,0
DA:117,0
DA:118,0
DA:119,0
DA:121,0
DA:125,0
DA:126,0
DA:127,0
DA:128,0
DA:129,0
DA:130,0
DA:132,0
DA:133,0
DA:134,0
DA:139,0
DA:140,0
DA:142,0
DA:144,0
DA:148,0
DA:150,0
DA:151,0
DA:156,0
DA:157,0
DA:158,0
DA:159,0
LF:70
LH:1
end_of_record
SF:lib\features\auth\presentation\pages\role_login_page.dart
DA:13,6
DA:15,2
DA:16,2
DA:37,2
DA:39,4
DA:40,4
DA:41,4
DA:42,4
DA:43,4
DA:44,4
DA:45,4
DA:46,4
DA:47,2
DA:50,2
DA:52,2
DA:53,0
DA:54,0
DA:55,0
DA:57,0
DA:58,0
DA:59,0
DA:65,0
DA:66,0
DA:67,0
DA:70,0
DA:71,0
DA:74,0
DA:76,2
DA:77,2
DA:78,2
DA:79,2
DA:80,2
DA:81,2
DA:83,2
DA:85,2
DA:87,2
DA:88,2
DA:89,2
DA:96,2
DA:99,6
DA:102,2
DA:115,2
DA:119,0
DA:120,0
DA:121,0
DA:122,0
DA:123,0
DA:128,4
DA:129,2
DA:131,0
DA:132,2
DA:134,0
DA:152,2
DA:153,2
DA:154,2
DA:156,2
DA:157,2
DA:159,2
DA:162,2
DA:164,2
DA:165,2
DA:166,2
DA:168,4
DA:176,2
DA:177,2
DA:180,4
DA:188,2
DA:192,1
DA:193,2
DA:194,1
DA:197,3
DA:202,0
DA:203,0
DA:204,0
DA:211,2
DA:213,0
DA:223,0
DA:228,0
DA:229,0
DA:231,0
DA:232,0
DA:234,0
DA:237,0
DA:239,0
DA:240,0
DA:241,0
DA:243,0
DA:248,0
DA:249,0
DA:252,0
DA:257,0
DA:258,0
DA:261,0
DA:266,0
DA:267,0
DA:269,0
DA:274,0
DA:275,0
DA:278,0
DA:283,0
DA:284,0
DA:287,0
DA:292,0
DA:293,0
DA:298,0
DA:299,0
DA:300,0
DA:302,0
DA:306,0
DA:307,0
DA:309,0
DA:312,0
DA:316,0
DA:318,0
DA:325,0
DA:329,0
DA:330,0
DA:331,0
DA:334,0
DA:340,0
DA:341,0
DA:342,0
DA:343,0
DA:344,0
DA:345,0
DA:346,0
LF:126
LH:53
end_of_record
SF:lib\features\customer\presentation\pages\customer_ai_chat_page.dart
DA:10,6
DA:12,0
DA:14,0
DA:16,0
DA:17,0
DA:18,0
DA:25,6
DA:27,0
DA:28,0
DA:34,0
DA:36,0
DA:37,0
DA:40,0
DA:42,0
DA:43,0
DA:44,0
DA:46,0
DA:48,0
DA:51,0
DA:52,0
DA:53,0
DA:54,0
DA:56,0
DA:57,0
DA:58,0
DA:66,0
DA:68,0
DA:70,0
DA:71,0
DA:72,0
DA:74,0
DA:77,0
DA:87,0
DA:88,0
DA:89,0
DA:90,0
DA:91,0
DA:92,0
DA:93,0
DA:94,0
DA:95,0
DA:102,0
DA:103,0
DA:104,0
DA:105,0
DA:106,0
DA:119,0
DA:123,0
DA:125,0
DA:126,0
DA:128,0
DA:130,0
DA:131,0
DA:133,0
DA:134,0
DA:136,0
DA:137,0
DA:138,0
LF:58
LH:2
end_of_record
SF:lib\features\customer\presentation\pages\customer_cart_page.dart
DA:10,7
DA:12,1
DA:14,1
DA:16,1
DA:17,2
DA:18,1
DA:25,10
DA:27,1
DA:29,1
DA:31,1
DA:32,3
DA:33,3
DA:34,0
DA:35,0
DA:39,0
DA:41,0
DA:42,0
DA:44,1
DA:45,1
DA:46,1
DA:47,1
DA:49,1
DA:50,2
DA:51,0
DA:52,0
DA:59,2
DA:61,2
DA:62,0
DA:64,0
DA:66,0
DA:68,2
DA:70,0
DA:71,0
DA:72,0
DA:73,0
DA:75,0
DA:77,0
DA:78,0
DA:79,0
DA:80,0
DA:81,0
DA:82,0
DA:83,0
DA:84,0
DA:85,0
DA:87,0
DA:89,0
DA:90,0
DA:91,0
DA:92,0
DA:93,0
DA:96,0
DA:98,0
DA:99,0
DA:100,0
DA:101,0
DA:102,0
DA:106,0
DA:107,0
DA:109,0
DA:113,0
DA:115,0
DA:116,0
DA:117,0
DA:122,0
DA:123,0
DA:124,0
DA:125,0
DA:127,0
DA:129,0
DA:138,0
DA:139,0
DA:142,0
DA:145,0
DA:146,0
DA:147,0
DA:150,0
DA:151,0
DA:152,0
DA:153,0
DA:164,0
DA:184,0
DA:186,0
DA:187,0
DA:189,0
DA:191,0
DA:192,0
DA:193,0
DA:194,0
DA:195,0
DA:196,0
DA:197,0
DA:200,0
DA:201,0
DA:207,0
DA:209,0
DA:210,0
DA:211,0
DA:214,0
DA:215,0
DA:216,0
DA:217,0
DA:218,0
DA:219,0
DA:222,0
DA:223,0
DA:226,0
DA:227,0
DA:228,0
DA:230,0
DA:231,0
DA:236,0
DA:237,0
DA:239,0
DA:240,0
DA:241,0
DA:252,0
DA:264,0
DA:266,0
DA:268,0
DA:270,0
DA:271,0
DA:274,0
DA:276,0
DA:277,0
DA:278,0
DA:279,0
DA:280,0
DA:281,0
DA:284,0
DA:285,0
DA:286,0
DA:291,0
DA:292,0
DA:303,10
DA:315,1
DA:317,1
DA:318,1
DA:320,1
DA:322,1
DA:325,5
DA:327,1
DA:328,1
DA:330,3
DA:332,1
DA:334,0
LF:146
LH:32
end_of_record
SF:lib\features\customer\presentation\pages\customer_checkout_page.dart
DA:15,6
DA:17,0
DA:19,0
DA:21,0
DA:22,0
DA:23,0
DA:24,0
DA:25,0
DA:32,6
DA:34,0
DA:35,0
DA:42,0
DA:44,0
DA:45,0
DA:46,0
DA:49,0
DA:51,0
DA:53,0
DA:54,0
DA:55,0
DA:56,0
DA:57,0
DA:58,0
DA:59,0
DA:62,0
DA:66,0
DA:68,0
DA:69,0
DA:71,0
DA:72,0
DA:73,0
DA:74,0
DA:75,0
DA:78,0
DA:79,0
DA:80,0
DA:81,0
DA:85,0
DA:87,0
DA:88,0
DA:90,0
DA:92,0
DA:93,0
DA:95,0
DA:97,0
DA:99,0
DA:101,0
DA:103,0
DA:104,0
DA:105,0
DA:106,0
DA:109,0
DA:111,0
DA:113,0
DA:115,0
DA:118,0
DA:119,0
DA:121,0
DA:122,0
DA:123,0
DA:131,0
DA:132,0
DA:133,0
DA:134,0
DA:135,0
DA:136,0
DA:137,0
DA:138,0
DA:141,0
DA:143,0
DA:145,0
DA:146,0
DA:153,0
DA:154,0
DA:156,0
DA:157,0
DA:158,0
DA:166,0
DA:168,0
DA:170,0
DA:172,0
DA:173,0
DA:175,0
DA:186,0
DA:188,0
DA:190,0
DA:191,0
DA:193,0
DA:210,0
DA:214,0
DA:217,0
DA:218,0
DA:220,0
DA:221,0
DA:224,0
DA:226,0
DA:229,0
DA:235,0
DA:239,0
DA:240,0
DA:241,0
DA:245,0
DA:247,0
DA:248,0
DA:250,0
DA:253,0
DA:258,0
DA:262,0
DA:264,0
DA:265,0
DA:267,0
DA:268,0
DA:269,0
DA:270,0
DA:271,0
DA:272,0
DA:273,0
DA:275,0
DA:279,0
DA:280,0
DA:281,0
DA:284,0
DA:295,0
DA:299,0
DA:301,0
DA:303,0
DA:304,0
DA:306,0
DA:308,0
DA:314,0
DA:315,0
DA:317,0
DA:318,0
DA:319,0
DA:320,0
DA:322,0
DA:324,0
DA:335,0
DA:345,0
DA:348,0
DA:349,0
DA:350,0
DA:351,0
DA:353,0
DA:354,0
DA:355,0
DA:357,0
DA:365,6
DA:377,0
DA:379,0
DA:380,0
DA:382,0
DA:384,0
DA:387,0
DA:389,0
DA:390,0
DA:392,0
DA:394,0
DA:396,0
DA:397,0
DA:399,0
DA:400,0
LF:162
LH:3
end_of_record
SF:lib\features\customer\presentation\pages\customer_home_page.dart
DA:17,7
DA:19,2
DA:21,2
DA:23,4
DA:24,2
DA:25,2
DA:26,2
DA:33,8
DA:35,2
DA:37,2
DA:39,2
DA:40,6
DA:41,6
DA:42,0
DA:43,0
DA:48,0
DA:50,0
DA:52,2
DA:53,2
DA:54,2
DA:56,2
DA:57,2
DA:58,0
DA:62,2
DA:63,0
DA:64,0
DA:66,0
DA:67,0
DA:69,0
DA:70,0
DA:74,0
DA:75,0
DA:76,0
DA:77,0
DA:79,0
DA:80,0
DA:84,0
DA:98,2
DA:100,2
DA:101,2
DA:103,2
DA:106,2
DA:107,0
DA:111,2
DA:112,2
DA:117,2
DA:119,0
DA:121,2
DA:132,2
DA:134,2
DA:135,0
DA:141,2
DA:145,2
DA:152,2
DA:153,2
DA:156,0
DA:158,2
DA:161,0
DA:163,2
DA:166,0
DA:168,2
DA:171,0
DA:182,0
DA:186,0
DA:189,0
DA:190,0
DA:192,0
DA:193,0
DA:196,0
DA:198,0
DA:201,0
DA:207,0
DA:211,0
DA:212,0
DA:213,0
DA:217,0
DA:219,0
DA:220,0
DA:222,0
DA:225,0
DA:226,0
DA:227,0
DA:233,2
DA:237,2
DA:239,4
DA:246,6
DA:247,2
DA:251,2
DA:252,6
DA:253,2
DA:255,2
DA:256,4
DA:257,6
DA:262,2
DA:264,2
DA:266,6
DA:267,0
DA:269,4
DA:270,6
DA:278,2
DA:282,2
DA:284,2
DA:286,2
DA:288,2
DA:290,0
DA:291,0
DA:293,2
DA:295,2
DA:297,2
DA:298,2
DA:299,4
DA:305,2
DA:306,4
DA:309,6
DA:312,2
DA:313,2
DA:314,2
DA:315,2
DA:316,4
DA:319,6
DA:323,6
DA:327,2
DA:330,2
DA:331,2
DA:334,8
DA:336,4
DA:337,2
DA:339,2
DA:340,8
DA:355,2
DA:359,2
DA:361,2
DA:363,2
DA:364,2
DA:366,2
DA:368,2
DA:370,2
DA:371,2
DA:372,8
LF:139
LH:91
end_of_record
SF:lib\features\customer\presentation\pages\customer_notifications_page.dart
DA:10,6
DA:12,0
DA:14,0
DA:16,0
DA:17,0
DA:18,0
DA:25,6
DA:27,0
DA:29,0
DA:30,0
DA:31,0
DA:32,0
DA:33,0
DA:36,0
DA:37,0
DA:38,0
DA:39,0
DA:42,0
DA:46,0
DA:47,0
DA:48,0
DA:50,0
DA:51,0
DA:53,0
DA:54,0
DA:65,0
DA:69,0
DA:71,0
DA:72,0
DA:73,0
DA:74,0
DA:78,0
DA:79,0
DA:81,0
DA:83,0
DA:87,0
DA:88,0
DA:97,6
DA:102,0
DA:104,0
DA:105,0
DA:107,0
DA:109,0
DA:110,0
DA:111,0
DA:113,0
LF:46
LH:3
end_of_record
SF:lib\features\customer\presentation\pages\customer_order_detail_page.dart
DA:14,0
DA:18,0
DA:20,0
DA:22,0
DA:23,0
DA:24,0
DA:31,6
DA:33,0
DA:35,0
DA:37,0
DA:38,0
DA:39,0
DA:40,0
DA:41,0
DA:45,0
DA:47,0
DA:48,0
DA:50,0
DA:51,0
DA:52,0
DA:53,0
DA:54,0
DA:55,0
DA:56,0
DA:58,0
DA:60,0
DA:61,0
DA:67,0
DA:70,0
DA:71,0
DA:73,0
DA:74,0
DA:79,0
DA:81,0
DA:82,0
DA:83,0
DA:85,0
DA:86,0
DA:87,0
DA:89,0
DA:91,0
DA:92,0
DA:93,0
DA:95,0
DA:98,0
DA:101,0
DA:102,0
DA:103,0
DA:106,0
DA:107,0
DA:108,0
DA:109,0
DA:113,0
DA:114,0
DA:115,0
DA:116,0
DA:123,0
DA:125,0
DA:126,0
DA:128,0
DA:129,0
DA:131,0
DA:132,0
DA:133,0
DA:140,0
DA:144,0
DA:146,0
DA:147,0
DA:149,0
DA:150,0
DA:151,0
DA:153,0
DA:155,0
DA:157,0
DA:160,0
DA:161,0
DA:162,0
DA:164,0
DA:166,0
DA:177,0
DA:178,0
DA:181,0
DA:184,0
DA:185,0
DA:186,0
DA:189,0
DA:190,0
DA:191,0
DA:192,0
DA:203,0
DA:215,0
DA:217,0
DA:218,0
DA:219,0
DA:220,0
DA:222,0
DA:223,0
DA:225,0
DA:227,0
DA:228,0
DA:229,0
DA:230,0
DA:231,0
DA:233,0
DA:236,0
DA:238,0
DA:240,0
DA:251,0
DA:252,0
DA:254,0
DA:255,0
DA:258,0
DA:261,0
DA:266,0
DA:267,0
DA:270,0
DA:273,0
DA:274,0
DA:275,0
DA:276,0
DA:279,0
DA:280,0
DA:281,0
DA:283,0
DA:284,0
DA:288,0
DA:292,0
DA:293,0
DA:295,0
DA:301,0
DA:303,0
DA:305,0
DA:306,0
DA:307,0
DA:315,0
DA:316,0
DA:317,0
DA:324,0
DA:336,0
DA:338,0
DA:339,0
DA:342,0
DA:343,0
DA:345,0
DA:347,0
DA:349,0
DA:351,0
DA:352,0
DA:354,0
DA:355,0
DA:356,0
DA:359,0
DA:360,0
DA:362,0
DA:364,0
DA:365,0
DA:367,0
DA:375,0
DA:379,0
DA:381,0
DA:385,0
DA:386,0
DA:388,0
DA:394,0
DA:402,0
DA:404,0
DA:406,0
DA:407,0
DA:408,0
DA:410,0
DA:411,0
DA:412,0
DA:413,0
DA:414,0
DA:417,0
DA:422,0
DA:423,0
DA:424,0
DA:425,0
DA:426,0
DA:427,0
DA:429,0
DA:430,0
DA:431,0
DA:432,0
DA:434,0
DA:437,0
DA:438,0
DA:439,0
DA:441,0
DA:443,0
DA:445,0
DA:448,0
DA:452,0
DA:454,0
DA:455,0
DA:456,0
DA:457,0
DA:458,0
DA:459,0
DA:460,0
DA:461,0
DA:464,0
DA:465,0
DA:466,0
DA:467,0
DA:470,0
DA:473,0
DA:475,0
DA:476,0
DA:480,0
DA:481,0
DA:482,0
DA:485,0
DA:486,0
DA:487,0
DA:488,0
DA:489,0
DA:492,0
DA:493,0
DA:494,0
DA:499,0
DA:500,0
DA:501,0
DA:502,0
DA:503,0
DA:504,0
DA:510,0
DA:514,0
DA:515,0
DA:522,0
DA:524,0
DA:525,0
DA:528,0
DA:530,0
DA:531,0
DA:533,0
DA:535,0
DA:536,0
DA:538,0
DA:539,0
DA:541,0
DA:542,0
DA:543,0
DA:545,0
DA:548,0
DA:550,0
DA:552,0
DA:555,0
DA:556,0
DA:562,0
DA:564,0
DA:566,0
DA:567,0
DA:568,0
DA:571,0
LF:256
LH:1
end_of_record
SF:lib\features\customer\presentation\pages\customer_orders_page.dart
DA:11,6
DA:13,0
DA:15,0
DA:17,0
DA:18,0
DA:19,0
DA:26,6
DA:28,0
DA:30,0
DA:31,0
DA:32,0
DA:33,0
DA:35,0
DA:36,0
DA:38,0
DA:40,0
DA:46,0
DA:48,0
DA:49,0
DA:51,0
DA:53,0
DA:58,0
DA:60,0
DA:61,0
DA:62,0
DA:63,0
DA:64,0
DA:65,0
DA:67,0
DA:68,0
DA:70,0
DA:71,0
DA:73,0
DA:75,0
DA:76,0
DA:77,0
DA:78,0
DA:79,0
DA:80,0
DA:82,0
DA:84,0
DA:87,0
DA:91,0
DA:93,0
DA:95,0
DA:96,0
DA:98,0
DA:115,6
DA:120,0
DA:122,0
DA:123,0
DA:125,0
DA:127,0
DA:130,0
DA:132,0
DA:133,0
DA:135,0
LF:57
LH:3
end_of_record
SF:lib\features\customer\presentation\pages\customer_profile_page.dart
DA:9,6
DA:11,0
DA:13,0
DA:15,0
DA:16,0
DA:17,0
DA:24,6
DA:26,0
DA:27,0
DA:37,0
DA:39,0
DA:40,0
DA:41,0
DA:42,0
DA:43,0
DA:46,0
DA:48,0
DA:50,0
DA:51,0
DA:52,0
DA:53,0
DA:54,0
DA:55,0
DA:57,0
DA:58,0
DA:59,0
DA:60,0
DA:63,0
DA:65,0
DA:67,0
DA:68,0
DA:71,0
DA:72,0
DA:73,0
DA:75,0
DA:77,0
DA:78,0
DA:79,0
DA:81,0
DA:82,0
DA:83,0
DA:84,0
DA:85,0
DA:86,0
DA:87,0
DA:92,0
DA:93,0
DA:98,0
DA:99,0
DA:105,0
DA:106,0
DA:111,0
DA:112,0
DA:118,0
DA:119,0
DA:124,0
DA:125,0
DA:131,0
DA:133,0
DA:135,0
DA:137,0
DA:152,0
DA:154,0
DA:156,0
DA:168,0
DA:169,0
DA:172,0
DA:173,0
DA:174,0
DA:175,0
DA:176,0
DA:180,0
DA:181,0
DA:182,0
DA:183,0
DA:185,0
DA:188,0
DA:190,0
DA:192,0
DA:193,0
DA:201,0
DA:207,0
DA:216,0
DA:217,0
DA:218,0
DA:221,0
DA:222,0
DA:223,0
DA:224,0
DA:225,0
DA:226,0
DA:227,0
LF:92
LH:2
end_of_record
SF:lib\features\customer\presentation\pages\restaurant_browse_page.dart
DA:13,6
DA:15,0
DA:17,0
DA:19,0
DA:20,0
DA:21,0
DA:22,0
DA:29,6
DA:31,0
DA:32,0
DA:38,0
DA:40,0
DA:41,0
DA:44,0
DA:46,0
DA:47,0
DA:49,0
DA:50,0
DA:52,0
DA:58,0
DA:60,0
DA:61,0
DA:62,0
DA:63,0
DA:64,0
DA:65,0
DA:69,0
DA:71,0
DA:73,0
DA:74,0
DA:75,0
DA:76,0
DA:78,0
DA:79,0
DA:80,0
DA:83,0
DA:84,0
DA:85,0
DA:87,0
DA:88,0
DA:89,0
DA:91,0
DA:94,0
DA:97,0
DA:98,0
DA:100,0
DA:102,0
DA:103,0
DA:104,0
DA:106,0
DA:108,0
DA:110,0
DA:111,0
DA:112,0
DA:114,0
DA:116,0
DA:118,0
DA:119,0
DA:120,0
DA:124,0
DA:131,0
DA:134,0
DA:135,0
DA:136,0
DA:137,0
DA:138,0
DA:139,0
DA:142,0
DA:143,0
DA:144,0
DA:147,0
DA:150,0
DA:151,0
DA:160,0
DA:165,0
DA:167,0
DA:171,0
DA:174,0
DA:175,0
DA:177,0
DA:178,0
DA:181,0
DA:183,0
DA:186,0
DA:192,0
DA:196,0
DA:197,0
DA:201,0
DA:203,0
DA:204,0
DA:206,0
DA:209,0
DA:210,0
DA:211,0
DA:217,0
DA:231,0
DA:233,0
DA:235,0
DA:236,0
DA:237,0
DA:239,0
DA:240,0
DA:244,0
DA:246,0
DA:247,0
DA:248,0
DA:249,0
DA:256,0
DA:260,0
DA:261,0
DA:264,0
DA:265,0
DA:267,0
DA:269,0
DA:270,0
DA:275,0
DA:277,0
DA:280,0
DA:289,0
DA:290,0
DA:305,0
DA:309,0
DA:311,0
DA:320,0
DA:321,0
DA:324,0
DA:328,0
DA:335,0
DA:336,0
DA:337,0
DA:338,0
DA:340,0
DA:343,0
DA:344,0
DA:348,0
DA:349,0
DA:351,0
DA:352,0
DA:362,0
DA:366,0
DA:368,0
DA:370,0
DA:372,0
DA:374,0
DA:375,0
DA:377,0
DA:379,0
DA:381,0
DA:382,0
DA:383,0
DA:384,0
DA:386,0
DA:388,0
DA:390,0
DA:395,0
DA:396,0
DA:398,0
DA:399,0
DA:400,0
DA:401,0
DA:403,0
DA:404,0
DA:405,0
DA:410,0
DA:411,0
DA:417,0
DA:419,0
DA:420,0
DA:422,0
DA:424,0
DA:427,0
DA:429,0
DA:430,0
DA:432,0
DA:436,0
DA:438,0
DA:439,0
DA:440,0
DA:452,0
DA:457,0
DA:459,0
DA:461,0
DA:462,0
DA:468,6
DA:473,0
DA:475,0
DA:476,0
DA:478,0
DA:480,0
DA:483,0
DA:485,0
DA:486,0
DA:488,0
LF:193
LH:3
end_of_record
SF:lib\features\customer\presentation\pages\restaurant_detail_page.dart
DA:14,0
DA:18,0
DA:20,0
DA:21,0
DA:22,0
DA:24,0
DA:25,0
DA:26,0
DA:28,0
DA:30,0
DA:31,0
DA:41,6
DA:43,0
DA:44,0
DA:50,0
DA:52,0
DA:53,0
DA:56,0
DA:58,0
DA:60,0
DA:61,0
DA:62,0
DA:63,0
DA:64,0
DA:69,0
DA:71,0
DA:73,0
DA:74,0
DA:76,0
DA:77,0
DA:78,0
DA:79,0
DA:80,0
DA:84,0
DA:86,0
DA:87,0
DA:89,0
DA:90,0
DA:91,0
DA:92,0
DA:94,0
DA:95,0
DA:96,0
DA:105,0
DA:106,0
DA:107,0
DA:109,0
DA:110,0
DA:111,0
DA:116,0
DA:117,0
DA:119,0
DA:120,0
DA:129,0
DA:131,0
DA:132,0
DA:134,0
DA:135,0
DA:136,0
DA:139,0
DA:140,0
DA:145,0
DA:147,0
DA:148,0
DA:150,0
DA:151,0
DA:152,0
DA:153,0
DA:154,0
DA:155,0
DA:159,0
DA:169,0
DA:170,0
DA:171,0
DA:172,0
DA:173,0
DA:175,0
DA:176,0
DA:177,0
DA:180,0
DA:182,0
DA:185,0
DA:186,0
DA:187,0
DA:188,0
DA:190,0
DA:192,0
DA:196,0
DA:198,0
DA:200,0
DA:201,0
DA:208,0
DA:209,0
DA:210,0
DA:211,0
DA:213,0
DA:214,0
DA:215,0
DA:216,0
DA:218,0
DA:219,0
DA:220,0
DA:221,0
DA:222,0
DA:225,0
DA:226,0
DA:227,0
DA:228,0
DA:233,0
DA:234,0
DA:235,0
DA:236,0
DA:238,0
DA:239,0
DA:240,0
DA:241,0
DA:242,0
DA:243,0
DA:246,0
DA:247,0
DA:248,0
DA:256,0
DA:257,0
DA:258,0
DA:261,0
DA:262,0
DA:286,0
DA:288,0
DA:291,0
DA:292,0
DA:293,0
DA:294,0
DA:295,0
DA:296,0
DA:299,0
DA:300,0
DA:301,0
DA:304,0
DA:307,0
DA:308,0
DA:309,0
DA:310,0
DA:311,0
DA:312,0
DA:314,0
DA:316,0
DA:318,0
DA:320,0
DA:321,0
DA:322,0
DA:328,0
DA:329,0
DA:333,0
DA:334,0
DA:336,0
DA:338,0
DA:339,0
DA:343,0
DA:344,0
DA:346,0
DA:348,0
DA:349,0
DA:350,0
DA:351,0
DA:352,0
DA:359,0
DA:360,0
DA:361,0
DA:362,0
DA:363,0
DA:365,0
DA:366,0
DA:368,0
DA:371,0
DA:373,0
DA:374,0
DA:391,0
DA:401,0
DA:403,0
DA:404,0
DA:407,0
DA:409,0
DA:410,0
DA:411,0
DA:412,0
DA:417,0
DA:422,0
DA:423,0
DA:424,0
DA:427,0
DA:428,0
DA:429,0
DA:430,0
DA:433,0
DA:434,0
DA:435,0
DA:438,0
DA:439,0
DA:441,0
DA:458,6
DA:460,0
LF:201
LH:2
end_of_record
SF:lib\features\merchant\presentation\pages\merchant_catalog_page.dart
DA:15,6
DA:17,0
DA:19,0
DA:21,0
DA:22,0
DA:23,0
DA:24,0
DA:31,6
DA:33,0
DA:34,0
DA:51,0
DA:53,0
DA:54,0
DA:55,0
DA:56,0
DA:57,0
DA:58,0
DA:59,0
DA:62,0
DA:64,0
DA:66,0
DA:67,0
DA:68,0
DA:69,0
DA:70,0
DA:71,0
DA:72,0
DA:74,0
DA:76,0
DA:78,0
DA:81,0
DA:83,0
DA:85,0
DA:86,0
DA:89,0
DA:90,0
DA:91,0
DA:93,0
DA:94,0
DA:96,0
DA:98,0
DA:104,0
DA:106,0
DA:107,0
DA:108,0
DA:109,0
DA:110,0
DA:112,0
DA:114,0
DA:115,0
DA:116,0
DA:122,0
DA:123,0
DA:130,0
DA:131,0
DA:132,0
DA:133,0
DA:134,0
DA:135,0
DA:136,0
DA:137,0
DA:138,0
DA:140,0
DA:141,0
DA:142,0
DA:143,0
DA:145,0
DA:146,0
DA:149,0
DA:150,0
DA:151,0
DA:153,0
DA:154,0
DA:155,0
DA:158,0
DA:159,0
DA:160,0
DA:161,0
DA:162,0
DA:163,0
DA:164,0
DA:165,0
DA:166,0
DA:167,0
DA:168,0
DA:169,0
DA:171,0
DA:172,0
DA:174,0
DA:176,0
DA:178,0
DA:179,0
DA:180,0
DA:181,0
DA:182,0
DA:185,0
DA:186,0
DA:188,0
DA:189,0
DA:190,0
DA:191,0
DA:195,0
DA:196,0
DA:207,0
DA:208,0
DA:209,0
DA:210,0
DA:213,0
DA:214,0
DA:215,0
DA:216,0
DA:219,0
DA:220,0
DA:221,0
DA:222,0
DA:223,0
DA:224,0
DA:225,0
DA:226,0
DA:229,0
DA:230,0
DA:231,0
DA:232,0
DA:233,0
DA:234,0
DA:235,0
DA:236,0
DA:237,0
DA:241,0
DA:242,0
DA:245,0
DA:246,0
DA:247,0
DA:248,0
DA:250,0
DA:252,0
DA:254,0
DA:255,0
DA:261,0
DA:262,0
DA:265,0
DA:266,0
DA:267,0
DA:268,0
DA:269,0
DA:270,0
DA:271,0
DA:272,0
DA:273,0
DA:274,0
DA:275,0
DA:276,0
DA:278,0
DA:280,0
DA:282,0
DA:283,0
DA:291,0
DA:303,0
DA:305,0
DA:313,0
DA:314,0
DA:316,0
DA:317,0
DA:318,0
DA:319,0
DA:320,0
DA:323,0
DA:325,0
DA:327,0
DA:328,0
DA:329,0
DA:331,0
DA:339,0
DA:367,0
DA:369,0
DA:371,0
DA:372,0
DA:374,0
DA:375,0
DA:376,0
DA:377,0
DA:378,0
DA:379,0
DA:380,0
DA:382,0
DA:383,0
DA:386,0
DA:387,0
DA:393,0
DA:394,0
DA:395,0
DA:398,0
DA:399,0
DA:400,0
DA:406,0
DA:408,0
DA:410,0
DA:412,0
DA:413,0
DA:414,0
DA:415,0
DA:416,0
DA:417,0
DA:418,0
DA:422,0
DA:423,0
DA:428,0
DA:429,0
DA:439,0
DA:440,0
DA:441,0
DA:442,0
DA:443,0
DA:444,0
DA:445,0
DA:449,0
DA:450,0
DA:451,0
DA:452,0
DA:464,0
DA:510,0
DA:512,0
DA:514,0
DA:515,0
DA:517,0
DA:518,0
DA:519,0
DA:520,0
DA:521,0
DA:523,0
DA:524,0
DA:526,0
DA:529,0
DA:530,0
DA:531,0
DA:532,0
DA:533,0
DA:536,0
DA:537,0
DA:539,0
DA:540,0
DA:543,0
DA:544,0
DA:547,0
DA:548,0
DA:553,0
DA:554,0
DA:558,0
DA:559,0
DA:564,0
DA:565,0
DA:568,0
DA:569,0
DA:570,0
DA:576,0
DA:577,0
DA:578,0
DA:580,0
DA:583,0
DA:584,0
DA:588,0
DA:590,0
DA:592,0
DA:594,0
DA:596,0
DA:598,0
DA:600,0
DA:601,0
DA:602,0
DA:603,0
DA:604,0
DA:605,0
DA:606,0
DA:610,0
DA:614,0
DA:615,0
DA:625,0
DA:626,0
DA:627,0
DA:628,0
DA:629,0
DA:630,0
DA:631,0
DA:635,0
DA:636,0
DA:637,0
DA:639,0
DA:642,0
DA:643,0
DA:644,0
DA:646,0
DA:648,0
DA:650,0
DA:651,0
LF:294
LH:2
end_of_record
SF:lib\features\merchant\presentation\pages\merchant_home_page.dart
DA:18,7
DA:20,2
DA:22,2
DA:24,4
DA:25,2
DA:26,2
DA:27,2
DA:28,2
DA:35,8
DA:37,2
DA:39,2
DA:40,2
DA:41,2
DA:42,2
DA:44,2
DA:45,2
DA:46,0
DA:50,2
DA:51,0
DA:52,0
DA:54,0
DA:55,0
DA:57,0
DA:58,0
DA:62,0
DA:64,0
DA:65,0
DA:66,0
DA:68,0
DA:69,0
DA:73,0
DA:87,2
DA:88,0
DA:89,2
DA:98,2
DA:102,2
DA:104,6
DA:105,6
DA:106,2
DA:117,6
DA:118,0
DA:120,0
DA:121,0
DA:124,0
DA:126,0
DA:132,4
DA:134,0
DA:136,0
DA:137,0
DA:142,0
DA:148,2
DA:150,2
DA:151,2
DA:153,2
DA:160,2
DA:161,2
DA:163,6
DA:166,2
DA:168,6
DA:172,2
DA:174,6
DA:177,2
DA:179,6
DA:186,2
DA:188,2
DA:189,0
DA:195,10
DA:199,2
DA:206,2
DA:207,2
DA:210,0
DA:212,2
DA:215,0
DA:217,2
DA:220,0
DA:222,2
DA:225,0
DA:227,2
DA:230,0
DA:240,2
DA:244,2
DA:246,2
DA:247,4
DA:248,4
DA:249,10
DA:251,6
DA:252,2
DA:253,0
DA:257,2
DA:258,2
DA:262,0
DA:271,2
DA:275,1
DA:277,2
DA:286,1
DA:287,1
DA:288,1
DA:289,2
DA:291,1
DA:292,1
DA:293,0
DA:299,1
DA:300,1
DA:304,1
DA:305,4
DA:309,2
DA:314,1
DA:320,0
DA:334,0
DA:336,0
DA:337,0
DA:338,0
DA:340,0
DA:342,0
DA:343,0
DA:345,0
DA:347,0
DA:348,0
DA:349,0
DA:350,0
DA:354,0
DA:362,2
DA:363,2
DA:364,0
DA:365,0
DA:367,2
DA:368,2
DA:369,6
DA:371,0
LF:129
LH:79
end_of_record
SF:lib\features\merchant\presentation\pages\merchant_notifications_page.dart
DA:11,6
DA:13,0
DA:15,0
DA:17,0
DA:18,0
DA:19,0
DA:26,6
DA:28,0
DA:30,0
DA:31,0
DA:32,0
DA:37,0
DA:38,0
DA:39,0
DA:40,0
DA:44,0
DA:46,0
DA:48,0
DA:49,0
DA:52,0
DA:53,0
DA:54,0
DA:55,0
DA:58,0
DA:62,0
DA:63,0
DA:64,0
DA:65,0
DA:67,0
DA:68,0
DA:69,0
DA:70,0
DA:73,0
DA:74,0
DA:76,0
DA:77,0
DA:79,0
DA:92,0
DA:100,0
DA:102,0
DA:105,0
DA:106,0
DA:108,0
DA:110,0
DA:114,0
DA:115,0
DA:116,0
DA:118,0
DA:128,0
DA:132,0
DA:134,0
DA:135,0
DA:137,0
DA:138,0
DA:142,0
DA:143,0
DA:145,0
DA:147,0
DA:148,0
DA:150,0
DA:151,0
DA:152,0
DA:158,0
DA:160,0
DA:164,0
DA:165,0
DA:166,0
DA:169,0
DA:170,0
DA:176,0
DA:177,0
DA:178,0
DA:179,0
DA:180,0
DA:181,0
DA:182,0
DA:187,6
DA:191,0
DA:193,0
DA:195,0
DA:201,6
DA:206,0
DA:208,0
DA:209,0
DA:211,0
DA:213,0
DA:214,0
DA:215,0
DA:217,0
LF:89
LH:4
end_of_record
SF:lib\features\merchant\presentation\pages\merchant_orders_page.dart
DA:14,6
DA:16,0
DA:18,0
DA:20,0
DA:21,0
DA:22,0
DA:23,0
DA:30,6
DA:32,0
DA:34,0
DA:36,0
DA:37,0
DA:38,0
DA:39,0
DA:40,0
DA:42,0
DA:44,0
DA:45,0
DA:48,0
DA:49,0
DA:50,0
DA:52,0
DA:53,0
DA:55,0
DA:57,0
DA:63,0
DA:65,0
DA:66,0
DA:67,0
DA:68,0
DA:69,0
DA:71,0
DA:73,0
DA:74,0
DA:75,0
DA:81,0
DA:82,0
DA:89,0
DA:90,0
DA:91,0
DA:92,0
DA:93,0
DA:94,0
DA:96,0
DA:97,0
DA:98,0
DA:101,0
DA:102,0
DA:103,0
DA:104,0
DA:106,0
DA:110,0
DA:124,0
DA:136,0
DA:138,0
DA:146,0
DA:147,0
DA:149,0
DA:150,0
DA:151,0
DA:152,0
DA:153,0
DA:156,0
DA:158,0
DA:160,0
DA:161,0
DA:162,0
DA:164,0
DA:172,0
DA:186,0
DA:188,0
DA:196,0
DA:205,0
DA:207,0
DA:208,0
DA:210,0
DA:211,0
DA:212,0
DA:213,0
DA:214,0
DA:216,0
DA:217,0
DA:218,0
DA:220,0
DA:229,0
DA:241,0
DA:243,0
DA:244,0
DA:245,0
DA:246,0
DA:248,0
DA:250,0
DA:251,0
DA:252,0
DA:253,0
DA:256,0
DA:257,0
DA:258,0
DA:259,0
DA:261,0
DA:263,0
DA:265,0
DA:267,0
DA:269,0
DA:271,0
DA:273,0
DA:275,0
DA:277,0
DA:278,0
DA:279,0
DA:280,0
DA:281,0
DA:287,0
DA:288,0
DA:289,0
DA:304,0
DA:309,0
DA:311,0
DA:313,0
DA:315,0
DA:316,0
DA:318,0
DA:320,0
DA:327,0
DA:328,0
DA:329,0
DA:330,0
DA:331,0
DA:332,0
LF:129
LH:2
end_of_record
SF:lib\features\merchant\presentation\pages\merchant_profile_page.dart
DA:9,6
DA:11,0
DA:13,0
DA:15,0
DA:16,0
DA:17,0
DA:24,6
DA:26,0
DA:27,0
DA:37,0
DA:39,0
DA:40,0
DA:41,0
DA:42,0
DA:43,0
DA:46,0
DA:48,0
DA:50,0
DA:51,0
DA:52,0
DA:53,0
DA:54,0
DA:55,0
DA:57,0
DA:58,0
DA:59,0
DA:60,0
DA:63,0
DA:65,0
DA:67,0
DA:68,0
DA:71,0
DA:72,0
DA:73,0
DA:75,0
DA:77,0
DA:78,0
DA:79,0
DA:81,0
DA:82,0
DA:83,0
DA:84,0
DA:85,0
DA:86,0
DA:87,0
DA:92,0
DA:93,0
DA:98,0
DA:99,0
DA:105,0
DA:106,0
DA:111,0
DA:112,0
DA:118,0
DA:119,0
DA:124,0
DA:125,0
DA:131,0
DA:133,0
DA:135,0
DA:137,0
DA:152,0
DA:154,0
DA:156,0
DA:168,0
DA:169,0
DA:172,0
DA:173,0
DA:174,0
DA:175,0
DA:176,0
DA:180,0
DA:181,0
DA:182,0
DA:183,0
DA:185,0
DA:188,0
DA:190,0
DA:192,0
DA:193,0
DA:201,0
DA:207,0
DA:216,0
DA:217,0
DA:218,0
DA:221,0
DA:222,0
DA:223,0
DA:224,0
DA:225,0
DA:226,0
DA:227,0
LF:92
LH:2
end_of_record
SF:lib\features\merchant\presentation\pages\merchant_restaurant_page.dart
DA:12,6
DA:14,0
DA:16,0
DA:18,0
DA:19,0
DA:20,0
DA:27,6
DA:29,0
DA:31,0
DA:46,0
DA:48,0
DA:49,0
DA:50,0
DA:51,0
DA:52,0
DA:53,0
DA:54,0
DA:55,0
DA:56,0
DA:59,0
DA:61,0
DA:63,0
DA:64,0
DA:65,0
DA:66,0
DA:67,0
DA:68,0
DA:70,0
DA:73,0
DA:75,0
DA:77,0
DA:78,0
DA:81,0
DA:82,0
DA:83,0
DA:85,0
DA:86,0
DA:87,0
DA:91,0
DA:93,0
DA:95,0
DA:97,0
DA:98,0
DA:104,0
DA:106,0
DA:107,0
DA:108,0
DA:109,0
DA:110,0
DA:111,0
DA:112,0
DA:118,0
DA:119,0
DA:120,0
DA:121,0
DA:122,0
DA:123,0
DA:130,0
DA:131,0
DA:133,0
DA:136,0
DA:137,0
DA:142,0
DA:145,0
DA:146,0
DA:153,0
DA:154,0
DA:156,0
DA:159,0
DA:160,0
DA:161,0
DA:162,0
DA:163,0
DA:168,0
DA:172,0
DA:173,0
DA:174,0
DA:179,0
DA:185,0
DA:186,0
DA:191,0
DA:194,0
DA:196,0
DA:199,0
DA:201,0
DA:204,0
DA:205,0
DA:206,0
DA:207,0
DA:209,0
DA:211,0
DA:217,0
DA:218,0
DA:220,0
DA:222,0
DA:230,0
DA:232,0
DA:234,0
DA:235,0
DA:236,0
DA:240,0
DA:241,0
DA:254,0
DA:255,0
DA:256,0
DA:257,0
DA:258,0
DA:259,0
DA:260,0
DA:261,0
DA:262,0
DA:263,0
DA:266,0
DA:267,0
DA:270,0
DA:271,0
DA:277,0
DA:278,0
DA:279,0
DA:285,0
DA:286,0
DA:289,0
DA:290,0
DA:291,0
DA:292,0
DA:293,0
DA:294,0
DA:295,0
DA:296,0
DA:298,0
DA:299,0
DA:300,0
DA:301,0
DA:302,0
DA:303,0
DA:307,0
DA:308,0
DA:312,0
DA:315,0
DA:316,0
DA:317,0
DA:318,0
DA:319,0
DA:324,0
DA:330,0
DA:331,0
DA:332,0
DA:333,0
DA:334,0
DA:339,0
DA:348,0
DA:358,0
DA:360,0
DA:361,0
DA:362,0
DA:363,0
DA:364,0
DA:365,0
DA:369,0
DA:370,0
DA:371,0
DA:378,0
DA:390,0
DA:392,0
DA:400,0
DA:409,0
DA:410,0
DA:411,0
DA:412,0
DA:414,0
DA:415,0
LF:171
LH:2
end_of_record
SF:lib\features\merchant\presentation\pages\merchant_revenue_page.dart
DA:11,6
DA:13,0
DA:15,0
DA:17,0
DA:18,0
DA:19,0
DA:26,6
DA:28,0
DA:30,0
DA:32,0
DA:33,0
DA:34,0
DA:38,0
DA:40,0
DA:42,0
DA:43,0
DA:44,0
DA:45,0
DA:47,0
DA:48,0
DA:52,0
DA:56,0
DA:58,0
DA:60,0
DA:61,0
DA:62,0
DA:63,0
DA:70,0
DA:72,0
DA:73,0
DA:74,0
DA:75,0
DA:77,0
DA:79,0
DA:80,0
DA:82,0
DA:83,0
DA:89,0
DA:90,0
DA:91,0
DA:94,0
DA:97,0
DA:98,0
DA:100,0
DA:102,0
DA:104,0
DA:106,0
DA:116,0
DA:120,0
DA:122,0
DA:123,0
DA:124,0
DA:125,0
DA:126,0
DA:127,0
DA:128,0
DA:129,0
DA:130,0
DA:131,0
DA:132,0
DA:133,0
DA:135,0
DA:141,0
DA:145,0
DA:147,0
DA:149,0
DA:150,0
DA:153,0
DA:154,0
DA:156,0
DA:158,0
DA:160,0
DA:161,0
DA:163,0
DA:165,0
DA:167,0
DA:169,0
DA:170,0
DA:172,0
DA:174,0
DA:176,0
DA:178,0
DA:179,0
DA:181,0
DA:183,0
DA:184,0
DA:189,0
DA:190,0
DA:194,0
DA:195,0
DA:197,0
DA:198,0
DA:200,0
DA:203,0
DA:205,0
DA:207,0
DA:211,0
DA:220,0
DA:221,0
DA:222,0
DA:226,0
DA:227,0
DA:230,0
DA:231,0
DA:232,0
DA:236,0
DA:239,0
DA:240,0
DA:241,0
DA:242,0
DA:243,0
DA:245,0
DA:247,0
DA:249,0
DA:252,0
DA:253,0
DA:254,0
DA:260,0
DA:264,0
DA:266,0
DA:267,0
DA:270,0
DA:271,0
DA:272,0
DA:273,0
DA:282,0
DA:286,0
DA:288,0
DA:295,0
DA:296,0
DA:297,0
DA:298,0
DA:299,0
DA:306,0
DA:311,0
DA:313,0
DA:314,0
DA:316,0
DA:319,0
DA:320,0
DA:322,0
DA:323,0
DA:326,0
DA:336,0
DA:340,0
DA:342,0
DA:352,0
DA:354,0
DA:355,0
DA:357,0
DA:359,0
DA:360,0
DA:362,0
DA:364,0
DA:365,0
DA:366,0
DA:367,0
DA:369,0
DA:371,0
DA:373,0
DA:374,0
DA:375,0
DA:376,0
DA:378,0
DA:381,0
DA:396,0
DA:401,0
DA:403,0
DA:404,0
DA:406,0
DA:407,0
DA:409,0
DA:410,0
DA:411,0
DA:413,0
DA:414,0
DA:416,0
DA:417,0
DA:419,0
DA:426,0
DA:427,0
DA:431,0
DA:440,0
DA:444,0
DA:446,0
DA:454,0
DA:456,0
DA:457,0
DA:459,0
DA:460,0
DA:461,0
DA:463,0
DA:464,0
DA:465,0
DA:467,0
DA:476,0
DA:480,0
DA:482,0
DA:490,0
DA:492,0
DA:493,0
DA:495,0
DA:498,0
DA:499,0
DA:500,0
DA:502,0
DA:503,0
DA:504,0
DA:512,0
DA:514,0
DA:515,0
DA:518,0
DA:519,0
DA:520,0
DA:521,0
DA:524,0
DA:525,0
LF:217
LH:2
end_of_record
SF:lib\features\merchant\presentation\pages\merchant_reviews_page.dart
DA:12,6
DA:14,0
DA:16,0
DA:18,0
DA:19,0
DA:20,0
DA:21,0
DA:28,6
DA:30,0
DA:31,0
DA:37,0
DA:39,0
DA:40,0
DA:43,0
DA:45,0
DA:47,0
DA:48,0
DA:49,0
DA:50,0
DA:51,0
DA:52,0
DA:54,0
DA:56,0
DA:58,0
DA:60,0
DA:61,0
DA:64,0
DA:65,0
DA:66,0
DA:68,0
DA:69,0
DA:71,0
DA:73,0
DA:79,0
DA:81,0
DA:82,0
DA:83,0
DA:84,0
DA:85,0
DA:87,0
DA:89,0
DA:90,0
DA:91,0
DA:97,0
DA:98,0
DA:99,0
DA:100,0
DA:101,0
DA:103,0
DA:104,0
DA:105,0
DA:107,0
DA:109,0
DA:110,0
DA:111,0
DA:112,0
DA:113,0
DA:114,0
DA:115,0
DA:116,0
DA:121,0
DA:134,0
DA:146,0
DA:148,0
DA:156,0
DA:157,0
DA:159,0
DA:160,0
DA:161,0
DA:162,0
DA:163,0
DA:166,0
DA:168,0
DA:170,0
DA:171,0
DA:172,0
DA:174,0
DA:182,0
DA:196,0
DA:198,0
DA:206,0
DA:215,0
DA:217,0
DA:218,0
DA:220,0
DA:221,0
DA:222,0
DA:223,0
DA:224,0
DA:226,0
DA:227,0
DA:228,0
DA:238,0
DA:250,0
DA:252,0
DA:253,0
DA:255,0
DA:257,0
DA:258,0
DA:259,0
DA:260,0
DA:263,0
DA:265,0
DA:266,0
DA:271,0
DA:272,0
LF:106
LH:2
end_of_record
SF:lib\core\ui\foodya_shell.dart
DA:7,2
DA:18,2
DA:20,4
DA:21,4
DA:23,2
DA:24,2
DA:25,2
DA:27,0
DA:28,0
DA:29,0
DA:30,0
DA:34,2
DA:35,4
DA:36,4
DA:37,4
DA:38,2
DA:41,2
DA:46,2
DA:47,8
DA:48,2
DA:51,0
DA:52,0
DA:53,0
DA:55,0
DA:58,2
DA:60,2
DA:92,2
DA:129,6
LF:28
LH:20
end_of_record
SF:lib\core\router\go_router_refresh_stream.dart
DA:6,2
DA:7,6
DA:8,0
DA:14,0
DA:16,0
DA:17,0
LF:6
LH:2
end_of_record
SF:lib\features\auth\data\repositories\mock_auth_repository.dart
DA:14,0
DA:16,0
DA:17,0
DA:18,0
DA:24,0
DA:27,0
DA:29,0
DA:30,0
DA:37,0
DA:40,0
DA:42,0
DA:45,0
DA:47,0
DA:49,0
DA:54,0
DA:56,0
DA:59,0
DA:61,0
DA:64,0
DA:72,0
DA:80,0
LF:21
LH:0
end_of_record
SF:lib\features\auth\domain\models\password_recovery.dart
DA:2,6
DA:10,0
DA:11,0
DA:12,0
DA:13,0
DA:19,6
DA:23,0
DA:24,0
LF:8
LH:2
end_of_record
SF:lib\features\customer\presentation\cubit\add_to_cart_cubit.dart
DA:8,0
DA:10,0
DA:14,0
DA:19,0
DA:23,0
DA:24,0
DA:32,0
DA:37,0
DA:38,0
DA:45,0
DA:49,0
DA:50,0
DA:52,0
DA:58,0
DA:59,0
DA:60,0
LF:16
LH:0
end_of_record
SF:lib\features\customer\presentation\cubit\add_to_cart_state.dart
DA:6,6
DA:12,6
DA:18,0
DA:20,0
DA:27,0
DA:28,0
DA:29,0
DA:30,0
DA:34,0
DA:35,0
LF:10
LH:2
end_of_record
SF:lib\features\customer\presentation\cubit\ai_chat_cubit.dart
DA:9,1
DA:11,1
DA:15,1
DA:16,3
DA:18,2
DA:19,1
DA:20,2
DA:27,0
DA:31,0
DA:32,0
DA:34,0
DA:40,1
DA:45,4
DA:48,3
DA:50,2
DA:51,1
DA:55,1
DA:56,1
DA:57,1
DA:58,1
DA:59,1
DA:60,1
DA:62,2
DA:64,1
DA:65,2
DA:73,1
DA:77,1
DA:78,2
DA:80,1
LF:29
LH:25
end_of_record
SF:lib\features\customer\presentation\cubit\ai_chat_state.dart
DA:8,7
DA:15,6
DA:16,0
DA:23,1
DA:24,4
DA:26,1
DA:33,1
DA:34,0
DA:35,1
DA:36,1
DA:37,0
DA:41,1
DA:42,5
LF:13
LH:10
end_of_record
SF:lib\features\customer\presentation\cubit\checkout_cubit.dart
DA:12,1
DA:19,1
DA:27,1
DA:28,2
DA:32,1
DA:33,2
DA:41,2
DA:42,1
DA:43,2
DA:45,2
DA:52,0
DA:56,0
DA:57,0
DA:59,0
DA:65,1
DA:66,3
DA:69,0
DA:70,0
DA:73,1
DA:77,2
DA:82,1
DA:83,2
DA:87,2
DA:89,0
DA:96,1
DA:97,2
DA:102,2
DA:104,1
DA:105,2
DA:113,2
DA:114,1
DA:115,0
DA:116,1
DA:117,2
DA:125,0
DA:129,0
DA:131,0
DA:132,0
DA:133,0
DA:134,0
DA:136,0
DA:138,0
DA:144,0
DA:148,0
DA:152,1
DA:153,2
DA:157,1
DA:162,1
DA:163,2
DA:171,2
DA:172,1
DA:173,2
DA:180,0
DA:184,0
DA:185,0
DA:187,0
DA:193,1
DA:194,2
DA:198,1
DA:203,2
DA:205,1
DA:206,2
DA:214,2
DA:216,1
DA:218,1
DA:219,2
DA:227,1
DA:231,1
DA:232,2
DA:234,1
DA:240,0
DA:241,0
DA:244,1
DA:245,2
DA:246,2
DA:247,0
DA:248,0
DA:256,4
DA:257,1
DA:258,2
DA:266,2
DA:267,1
DA:268,2
DA:276,1
DA:277,3
DA:278,2
DA:279,2
DA:281,4
DA:285,1
DA:286,3
DA:287,3
LF:91
LH:65
end_of_record
SF:lib\features\customer\domain\models\create_order_request.dart
DA:2,1
DA:14,0
DA:15,0
DA:16,0
DA:17,0
DA:18,0
DA:19,0
DA:20,0
LF:8
LH:1
end_of_record
SF:lib\features\customer\presentation\cubit\checkout_state.dart
DA:19,7
DA:32,6
DA:33,0
DA:55,1
DA:56,2
DA:57,2
DA:58,2
DA:60,3
DA:62,1
DA:80,1
DA:81,1
DA:82,1
DA:83,1
DA:85,1
DA:87,1
DA:88,1
DA:89,1
DA:91,1
DA:92,1
DA:93,1
DA:97,1
DA:98,1
DA:99,1
DA:100,1
DA:101,1
DA:102,1
DA:103,1
DA:104,1
DA:105,1
DA:106,1
DA:107,1
DA:108,1
LF:32
LH:31
end_of_record
SF:lib\features\customer\presentation\cubit\notification_cubit.dart
DA:8,1
DA:10,1
DA:14,1
DA:15,3
DA:17,2
DA:18,1
DA:19,2
DA:21,1
DA:29,1
DA:33,1
DA:34,2
DA:36,1
DA:42,1
DA:44,2
DA:45,2
DA:46,4
DA:47,1
DA:48,3
DA:50,0
DA:54,0
LF:20
LH:18
end_of_record
SF:lib\features\customer\presentation\cubit\notification_state.dart
DA:8,7
DA:14,6
DA:15,0
DA:21,1
DA:27,1
DA:28,1
DA:29,1
DA:30,0
DA:34,1
DA:35,4
LF:10
LH:8
end_of_record
SF:lib\features\customer\presentation\cubit\profile_cubit.dart
DA:8,1
DA:10,1
DA:14,1
DA:15,1
DA:16,2
DA:23,2
DA:24,1
DA:25,2
DA:32,1
DA:36,1
DA:37,2
DA:39,1
DA:45,1
DA:51,2
DA:54,1
DA:55,2
DA:62,2
DA:63,1
DA:64,1
DA:65,1
DA:66,0
DA:68,1
DA:69,2
DA:77,0
DA:81,0
DA:82,0
DA:84,0
DA:90,1
DA:95,2
DA:98,1
DA:99,2
DA:106,2
DA:111,1
DA:112,2
DA:119,0
DA:123,0
DA:124,0
DA:126,0
DA:132,0
DA:133,0
LF:40
LH:29
end_of_record
SF:lib\features\customer\presentation\cubit\profile_state.dart
DA:15,7
DA:22,6
DA:29,1
DA:30,2
DA:31,2
DA:32,2
DA:34,1
DA:42,1
DA:43,0
DA:44,1
DA:45,0
DA:46,1
DA:50,1
DA:51,5
LF:14
LH:12
end_of_record
SF:lib\features\customer\presentation\cubit\restaurant_browse_cubit.dart
DA:10,1
DA:15,1
DA:20,1
DA:21,1
DA:22,2
DA:26,2
DA:27,3
DA:28,1
DA:30,0
DA:34,0
DA:35,0
DA:37,0
DA:43,1
DA:44,3
DA:47,1
DA:48,1
DA:49,1
DA:52,0
DA:53,0
DA:54,0
DA:57,1
DA:59,0
DA:60,0
DA:64,1
DA:65,0
DA:70,2
DA:71,1
DA:72,0
DA:73,3
DA:77,0
DA:78,0
DA:79,0
DA:81,0
DA:82,0
DA:86,0
DA:88,0
DA:92,0
DA:96,1
DA:100,1
DA:101,2
DA:105,3
DA:109,1
DA:112,0
DA:113,0
DA:114,0
DA:117,0
DA:118,0
DA:119,0
DA:122,1
DA:123,3
DA:124,1
DA:125,0
DA:127,1
DA:130,3
DA:131,1
DA:134,0
DA:135,0
DA:136,0
DA:143,0
DA:146,1
DA:147,1
DA:150,1
DA:151,5
DA:155,1
DA:158,1
DA:159,3
DA:161,1
DA:162,2
DA:173,6
DA:174,2
DA:175,2
DA:176,2
DA:177,2
DA:178,2
DA:182,2
DA:184,7
DA:185,2
DA:186,2
DA:187,2
DA:188,2
DA:193,5
DA:195,1
DA:196,2
DA:198,1
DA:202,1
DA:203,1
DA:208,0
DA:213,0
DA:214,0
DA:215,0
DA:217,0
DA:223,0
DA:224,0
DA:226,0
LF:94
LH:56
end_of_record
SF:lib\features\customer\presentation\cubit\restaurant_browse_state.dart
DA:16,7
DA:34,6
DA:35,0
DA:68,0
DA:69,0
DA:71,0
DA:72,0
DA:73,0
DA:75,1
DA:96,1
DA:97,1
DA:98,1
DA:99,1
DA:101,1
DA:102,1
DA:103,1
DA:104,1
DA:105,1
DA:106,1
DA:107,1
DA:108,1
DA:109,1
DA:110,1
DA:111,1
DA:112,1
DA:116,1
DA:117,1
DA:118,1
DA:119,1
DA:120,1
DA:121,1
DA:122,1
DA:123,1
DA:124,1
DA:125,1
DA:126,1
DA:127,1
DA:128,1
DA:129,1
DA:130,1
DA:131,1
DA:132,1
LF:42
LH:36
end_of_record
SF:lib\features\customer\presentation\cubit\restaurant_detail_cubit.dart
DA:8,1
DA:10,1
DA:16,1
DA:17,1
DA:18,1
DA:19,2
DA:23,2
DA:24,2
DA:25,1
DA:26,2
DA:32,1
DA:33,1
DA:35,0
DA:39,0
DA:40,0
DA:42,0
DA:48,1
DA:49,3
DA:50,1
DA:53,0
DA:54,0
DA:55,0
DA:58,0
DA:59,0
DA:60,0
DA:61,0
DA:63,0
DA:65,0
DA:66,0
DA:69,1
DA:70,1
DA:73,1
DA:74,5
DA:78,1
DA:81,1
DA:82,1
DA:87,3
DA:89,2
DA:90,1
DA:91,2
DA:98,1
DA:102,1
DA:103,2
DA:105,1
DA:111,1
DA:112,1
DA:117,3
DA:119,1
DA:120,2
DA:130,2
DA:132,6
DA:133,2
DA:134,2
DA:139,5
DA:141,1
DA:142,2
DA:144,1
DA:148,1
DA:149,1
DA:154,0
DA:159,0
DA:160,0
DA:161,0
DA:163,0
DA:166,0
DA:172,0
DA:173,0
DA:175,0
LF:68
LH:45
end_of_record
SF:lib\features\customer\presentation\cubit\restaurant_detail_state.dart
DA:18,7
DA:33,6
DA:34,0
DA:61,0
DA:62,0
DA:64,1
DA:80,1
DA:81,1
DA:82,1
DA:83,1
DA:84,1
DA:85,1
DA:86,1
DA:88,1
DA:89,1
DA:90,1
DA:91,1
DA:92,1
DA:93,1
DA:97,1
DA:98,1
DA:99,1
DA:100,1
DA:101,1
DA:102,1
DA:103,1
DA:104,1
DA:105,1
DA:106,1
DA:107,1
DA:108,1
DA:109,1
DA:110,1
LF:33
LH:30
end_of_record
SF:lib\features\customer\presentation\widgets\manual_location_sheet.dart
DA:4,0
DA:10,0
DA:15,0
DA:19,0
DA:27,0
DA:35,0
DA:36,0
DA:44,0
DA:46,0
DA:47,0
DA:48,0
DA:50,0
DA:51,0
DA:55,0
DA:57,0
DA:58,0
DA:59,0
DA:62,0
DA:64,0
DA:65,0
DA:66,0
DA:67,0
DA:68,0
DA:71,0
DA:72,0
DA:74,0
DA:77,0
DA:78,0
DA:90,0
DA:91,0
DA:101,0
DA:103,0
DA:105,0
DA:106,0
DA:107,0
DA:110,0
DA:111,0
DA:112,0
DA:113,0
DA:114,0
DA:115,0
DA:120,0
DA:121,0
DA:122,0
DA:134,0
DA:135,0
DA:136,0
DA:137,0
DA:138,0
DA:141,0
DA:142,0
DA:145,0
DA:146,0
DA:147,0
LF:54
LH:0
end_of_record
SF:lib\core\ui\foodya_ui.dart
DA:4,18
DA:15,2
DA:17,2
DA:19,2
DA:20,2
DA:21,2
DA:23,2
DA:24,10
DA:25,2
DA:27,0
DA:28,0
DA:29,0
DA:30,0
DA:37,6
DA:44,0
DA:59,0
DA:61,0
DA:62,0
DA:64,0
DA:65,0
DA:66,0
DA:68,0
DA:70,0
DA:71,0
DA:72,0
DA:73,0
DA:74,0
DA:75,0
DA:76,0
DA:79,0
DA:80,0
DA:84,0
DA:86,0
DA:87,0
DA:90,0
DA:91,0
DA:103,2
DA:122,2
DA:124,2
DA:125,2
DA:127,2
DA:129,2
DA:131,2
DA:133,2
DA:134,2
DA:136,2
DA:137,2
DA:138,2
DA:140,4
DA:143,2
DA:144,2
DA:146,2
DA:147,2
DA:148,2
DA:149,6
DA:155,2
DA:156,2
DA:157,6
DA:165,6
DA:169,2
DA:170,2
DA:171,6
DA:176,2
DA:177,2
DA:178,4
DA:179,2
DA:180,4
DA:181,4
DA:183,4
DA:186,0
DA:187,2
DA:189,0
DA:191,0
DA:192,0
DA:194,0
DA:206,2
DA:219,2
DA:221,2
DA:222,2
DA:224,2
DA:225,2
DA:226,2
DA:228,2
DA:229,2
DA:230,2
DA:233,4
DA:234,4
DA:237,2
DA:238,2
DA:239,2
DA:242,6
DA:247,2
DA:249,0
DA:260,2
DA:273,2
DA:275,2
DA:276,6
DA:277,2
DA:278,2
DA:280,2
DA:282,2
DA:283,4
DA:285,2
DA:286,2
DA:289,6
DA:294,2
DA:295,2
DA:298,6
DA:299,4
DA:310,2
DA:325,2
DA:327,2
DA:328,4
DA:329,2
DA:330,2
DA:331,2
DA:332,2
DA:336,10
DA:339,0
DA:343,0
DA:345,0
DA:347,0
DA:348,0
DA:350,0
DA:357,2
DA:362,2
DA:364,2
DA:365,4
DA:366,2
DA:367,2
DA:368,2
DA:369,6
DA:370,8
DA:375,2
DA:376,2
DA:377,2
DA:378,2
DA:379,2
DA:380,2
DA:381,2
DA:382,2
DA:383,2
DA:384,2
DA:385,2
DA:386,2
DA:387,2
DA:388,2
DA:389,2
DA:391,2
DA:392,2
DA:393,2
DA:394,6
DA:395,12
DA:396,2
DA:400,2
DA:401,2
DA:402,6
DA:403,6
DA:404,4
DA:409,2
DA:410,2
DA:411,6
DA:412,6
DA:413,4
LF:164
LH:126
end_of_record
SF:lib\features\customer\presentation\cubit\order_list_cubit.dart
DA:8,1
DA:10,1
DA:14,1
DA:15,2
DA:19,3
DA:22,2
DA:23,1
DA:24,2
DA:26,1
DA:32,0
DA:36,0
DA:37,0
DA:39,0
LF:13
LH:9
end_of_record
SF:lib\features\customer\presentation\cubit\order_list_state.dart
DA:8,11
DA:14,10
DA:15,0
DA:21,3
DA:23,1
DA:29,1
DA:30,0
DA:31,1
DA:32,0
DA:36,1
DA:37,4
LF:11
LH:8
end_of_record
SF:lib\features\merchant\presentation\cubit\merchant_restaurant_cubit.dart
DA:10,1
DA:12,1
DA:16,1
DA:17,2
DA:20,1
DA:21,2
DA:28,2
DA:29,1
DA:30,2
DA:34,2
DA:35,2
DA:40,1
DA:44,0
DA:45,0
DA:48,1
DA:49,2
DA:52,1
DA:53,2
DA:60,2
DA:61,1
DA:62,2
DA:64,3
DA:71,1
DA:75,1
DA:79,2
DA:82,1
DA:83,2
DA:90,2
DA:94,1
DA:95,2
DA:97,3
DA:104,0
DA:108,1
DA:113,1
DA:115,1
DA:116,1
DA:117,1
DA:118,1
DA:119,1
DA:120,1
DA:121,1
DA:122,1
DA:123,1
DA:129,0
DA:130,0
DA:133,1
DA:134,1
DA:138,1
DA:139,2
DA:141,1
DA:146,1
DA:150,5
DA:151,2
DA:152,2
DA:154,1
DA:155,3
DA:156,2
LF:57
LH:52
end_of_record
SF:lib\features\merchant\presentation\cubit\merchant_restaurant_state.dart
DA:8,7
DA:16,6
DA:17,0
DA:25,3
DA:26,3
DA:27,3
DA:29,1
DA:38,1
DA:39,0
DA:40,1
DA:41,1
DA:42,0
DA:43,1
DA:47,1
DA:48,1
DA:49,1
DA:50,1
DA:51,1
DA:52,1
DA:53,1
LF:20
LH:17
end_of_record
SF:lib\features\customer\presentation\cubit\cart_cubit.dart
DA:9,1
DA:11,1
DA:15,1
DA:16,2
DA:20,1
DA:21,2
DA:29,2
DA:30,1
DA:32,0
DA:36,0
DA:37,0
DA:39,0
DA:45,0
DA:50,0
DA:52,0
DA:61,0
DA:66,0
DA:68,0
DA:77,0
DA:78,0
DA:79,0
DA:84,0
DA:85,0
DA:86,0
DA:91,0
DA:92,0
DA:95,0
DA:99,0
DA:103,0
DA:104,0
DA:112,0
DA:113,0
DA:115,0
DA:120,0
DA:121,0
DA:123,0
DA:129,1
DA:130,1
DA:131,2
DA:132,2
LF:40
LH:12
end_of_record
SF:lib\features\customer\presentation\cubit\cart_state.dart
DA:8,11
DA:15,10
DA:22,1
DA:23,4
DA:25,0
DA:27,1
DA:36,1
DA:37,0
DA:38,1
DA:39,0
DA:40,1
DA:44,1
DA:45,5
LF:13
LH:10
end_of_record
SF:lib\core\notifications\fcm_notification_service.dart
DA:15,0
DA:19,0
DA:20,0
DA:21,0
DA:27,0
DA:36,0
DA:38,0
DA:54,0
DA:55,0
DA:56,0
DA:57,0
DA:59,0
DA:60,0
DA:62,0
DA:64,0
DA:67,0
DA:68,0
DA:69,0
DA:73,0
DA:75,0
DA:76,0
DA:77,0
DA:80,0
DA:82,0
DA:91,0
DA:93,0
DA:94,0
DA:96,0
DA:105,0
DA:107,0
DA:108,0
DA:111,0
DA:113,0
DA:122,0
DA:127,0
DA:130,0
DA:131,0
DA:134,0
DA:137,0
DA:138,0
DA:143,0
DA:144,0
DA:149,0
DA:150,0
DA:153,0
DA:157,0
DA:158,0
DA:161,0
DA:165,0
DA:170,0
DA:171,0
DA:172,0
DA:173,0
DA:174,0
DA:176,0
DA:178,0
DA:180,0
DA:182,0
DA:183,0
DA:184,0
DA:185,0
DA:191,0
DA:192,0
DA:193,0
DA:194,0
DA:196,0
DA:197,0
DA:198,0
DA:203,0
DA:204,0
DA:207,0
DA:216,0
DA:217,0
DA:221,0
DA:222,0
DA:225,0
DA:226,0
DA:234,0
DA:235,0
DA:236,0
DA:240,0
DA:245,0
DA:246,0
DA:247,0
DA:248,0
DA:249,0
DA:250,0
DA:251,0
DA:252,0
DA:253,0
DA:259,0
DA:263,0
DA:264,0
DA:265,0
LF:94
LH:0
end_of_record
SF:lib\firebase_options.dart
DA:8,0
DA:10,0
DA:13,0
DA:14,0
DA:16,0
DA:17,0
DA:18,0
DA:19,0
DA:20,0
DA:21,0
LF:10
LH:0
end_of_record
SF:lib\core\auth\auth_session_recovery.dart
DA:8,0
DA:19,0
DA:20,0
DA:29,0
DA:32,0
DA:35,0
DA:45,0
DA:46,0
DA:47,0
DA:52,0
DA:54,0
DA:55,0
DA:56,0
DA:60,0
DA:69,0
DA:70,0
DA:75,0
DA:76,0
DA:80,0
DA:82,0
DA:83,0
DA:85,0
DA:86,0
DA:87,0
DA:96,0
LF:25
LH:0
end_of_record
SF:lib\features\customer\presentation\cubit\customer_home_cubit.dart
DA:10,3
DA:15,3
DA:22,3
DA:25,2
DA:26,2
DA:36,3
DA:37,6
DA:44,3
DA:47,3
DA:48,3
DA:49,6
DA:58,6
DA:60,0
DA:61,0
DA:72,0
DA:76,6
DA:77,3
DA:78,3
DA:79,0
DA:80,0
DA:91,0
DA:95,6
DA:100,6
DA:104,3
DA:105,6
DA:106,3
DA:107,3
DA:113,9
DA:115,0
DA:120,0
DA:121,0
DA:125,0
DA:131,0
DA:135,0
DA:139,0
DA:140,0
DA:142,0
DA:143,0
DA:153,0
DA:156,3
DA:157,9
DA:160,6
DA:169,3
DA:170,6
DA:174,3
DA:176,6
DA:181,3
DA:183,0
DA:188,0
DA:189,0
DA:194,0
DA:197,0
DA:201,3
DA:202,6
DA:208,2
LF:55
LH:33
end_of_record
SF:lib\features\customer\presentation\cubit\customer_home_state.dart
DA:8,12
DA:20,9
DA:21,0
DA:43,3
DA:44,12
DA:45,3
DA:48,2
DA:49,2
DA:52,0
DA:55,3
DA:70,3
DA:71,3
DA:72,3
DA:73,3
DA:74,3
DA:75,3
DA:76,3
DA:80,3
DA:82,3
DA:86,3
DA:90,3
DA:91,3
DA:92,3
DA:93,3
DA:94,3
DA:95,3
DA:96,3
DA:97,3
DA:98,3
DA:99,3
DA:100,3
LF:31
LH:29
end_of_record
SF:lib\features\merchant\presentation\cubit\merchant_home_cubit.dart
DA:10,3
DA:17,3
DA:23,3
DA:24,6
DA:28,9
DA:31,6
DA:32,6
DA:35,1
DA:36,2
DA:48,3
DA:49,3
DA:50,9
DA:51,6
DA:57,3
DA:58,6
DA:68,1
DA:72,1
DA:73,2
DA:75,1
LF:19
LH:19
end_of_record
SF:lib\features\merchant\presentation\cubit\merchant_home_state.dart
DA:10,11
DA:19,8
DA:20,0
DA:33,9
DA:35,3
DA:36,17
DA:38,3
DA:40,3
DA:41,11
DA:42,3
DA:45,9
DA:47,9
DA:49,3
DA:60,3
DA:61,0
DA:62,3
DA:66,3
DA:67,3
DA:69,3
DA:70,0
DA:74,3
DA:75,3
DA:76,3
DA:77,3
DA:78,3
DA:79,3
DA:80,3
DA:81,3
LF:28
LH:25
end_of_record
SF:lib\core\auth\token_store.dart
DA:14,0
DA:22,0
DA:24,0
DA:25,0
DA:27,0
DA:31,0
DA:33,0
DA:34,0
DA:40,0
DA:43,0
DA:45,0
DA:46,0
LF:12
LH:0
end_of_record
SF:lib\core\location\location_address_remote_data_source.dart
DA:10,0
DA:21,0
DA:26,0
DA:28,0
DA:29,0
DA:32,0
DA:33,0
DA:36,0
DA:43,0
DA:44,0
DA:45,0
DA:46,0
DA:47,0
DA:48,0
DA:49,0
DA:50,0
DA:54,0
DA:57,0
DA:61,0
DA:65,0
DA:66,0
DA:70,0
DA:71,0
DA:72,0
DA:74,0
DA:75,0
DA:76,0
DA:80,0
DA:81,0
DA:85,0
DA:86,0
DA:87,0
DA:88,0
DA:91,0
DA:97,0
DA:98,0
DA:99,0
DA:102,0
DA:103,0
DA:113,0
DA:114,0
DA:119,0
DA:120,0
DA:123,0
DA:124,0
LF:45
LH:0
end_of_record
SF:lib\core\location\location_address.dart
DA:2,0
DA:12,0
DA:13,0
DA:14,0
DA:15,0
DA:16,0
DA:20,0
DA:21,0
DA:22,0
DA:25,0
LF:10
LH:0
end_of_record
